{"/home/travis/build/npmtest/node-npmtest-shipit/test.js":{"path":"/home/travis/build/npmtest/node-npmtest-shipit/test.js","s":{"1":2,"2":2,"3":2,"4":2,"5":2,"6":2,"7":2,"8":1,"9":2,"10":2,"11":1,"12":1,"13":1,"14":1,"15":2,"16":2,"17":2,"18":2,"19":1,"20":1,"21":2,"22":2,"23":2,"24":1,"25":1,"26":1,"27":1,"28":1,"29":1,"30":1,"31":1,"32":1,"33":1,"34":1,"35":1,"36":1,"37":1,"38":1,"39":2,"40":2,"41":1,"42":2,"43":2,"44":1,"45":2,"46":2,"47":1,"48":2,"49":2,"50":1,"51":1,"52":1,"53":1,"54":1},"b":{"1":[2,1,1,1],"2":[1,1,1,1],"3":[1,1],"4":[1,1],"5":[1,1],"6":[1,1],"7":[1,1],"8":[1,1],"9":[1,1],"10":[1,1,1],"11":[1,1],"12":[1,1],"13":[1,1],"14":[1,1],"15":[1,1],"16":[1,1],"17":[1,1]},"f":{"1":2,"2":2,"3":2,"4":2,"5":2,"6":1,"7":1,"8":1,"9":2,"10":2,"11":2,"12":2,"13":1},"fnMap":{"1":{"name":"(anonymous_1)","line":12,"loc":{"start":{"line":12,"column":1},"end":{"line":12,"column":13}}},"2":{"name":"(anonymous_2)","line":19,"loc":{"start":{"line":19,"column":5},"end":{"line":19,"column":17}}},"3":{"name":"(anonymous_3)","line":23,"loc":{"start":{"line":23,"column":24},"end":{"line":23,"column":36}}},"4":{"name":"(anonymous_4)","line":61,"loc":{"start":{"line":61,"column":5},"end":{"line":61,"column":17}}},"5":{"name":"(anonymous_5)","line":82,"loc":{"start":{"line":82,"column":5},"end":{"line":82,"column":17}}},"6":{"name":"(anonymous_6)","line":91,"loc":{"start":{"line":91,"column":77},"end":{"line":94,"column":10}}},"7":{"name":"(anonymous_7)","line":112,"loc":{"start":{"line":112,"column":83},"end":{"line":115,"column":10}},"skip":true},"8":{"name":"(anonymous_8)","line":123,"loc":{"start":{"line":123,"column":77},"end":{"line":126,"column":10}},"skip":true},"9":{"name":"(anonymous_9)","line":139,"loc":{"start":{"line":139,"column":12},"end":{"line":139,"column":40}},"skip":true},"10":{"name":"(anonymous_10)","line":147,"loc":{"start":{"line":147,"column":77},"end":{"line":150,"column":10}},"skip":true},"11":{"name":"(anonymous_11)","line":158,"loc":{"start":{"line":158,"column":83},"end":{"line":161,"column":10}},"skip":true},"12":{"name":"(anonymous_12)","line":169,"loc":{"start":{"line":169,"column":79},"end":{"line":172,"column":10}},"skip":true},"13":{"name":"(anonymous_13)","line":180,"loc":{"start":{"line":180,"column":75},"end":{"line":183,"column":10}},"skip":true}},"statementMap":{"1":{"start":{"line":12,"column":0},"end":{"line":195,"column":5}},"2":{"start":{"line":14,"column":4},"end":{"line":14,"column":14}},"3":{"start":{"line":19,"column":4},"end":{"line":56,"column":9}},"4":{"start":{"line":21,"column":8},"end":{"line":21,"column":19}},"5":{"start":{"line":23,"column":8},"end":{"line":35,"column":13}},"6":{"start":{"line":24,"column":12},"end":{"line":34,"column":13}},"7":{"start":{"line":25,"column":16},"end":{"line":28,"column":30}},"8":{"start":{"line":30,"column":16},"end":{"line":33,"column":27}},"9":{"start":{"line":37,"column":8},"end":{"line":39,"column":21}},"10":{"start":{"line":40,"column":8},"end":{"line":53,"column":9}},"11":{"start":{"line":43,"column":12},"end":{"line":46,"column":14}},"12":{"start":{"line":47,"column":12},"end":{"line":47,"column":18}},"13":{"start":{"line":50,"column":12},"end":{"line":51,"column":46}},"14":{"start":{"line":52,"column":12},"end":{"line":52,"column":18}},"15":{"start":{"line":55,"column":8},"end":{"line":55,"column":35}},"16":{"start":{"line":61,"column":4},"end":{"line":63,"column":9}},"17":{"start":{"line":62,"column":8},"end":{"line":62,"column":15}},"18":{"start":{"line":64,"column":4},"end":{"line":77,"column":5}},"19":{"start":{"line":70,"column":8},"end":{"line":70,"column":14}},"20":{"start":{"line":76,"column":8},"end":{"line":76,"column":14}},"21":{"start":{"line":82,"column":4},"end":{"line":84,"column":9}},"22":{"start":{"line":83,"column":8},"end":{"line":83,"column":15}},"23":{"start":{"line":85,"column":4},"end":{"line":194,"column":5}},"24":{"start":{"line":91,"column":8},"end":{"line":99,"column":10}},"25":{"start":{"line":98,"column":12},"end":{"line":98,"column":35}},"26":{"start":{"line":102,"column":8},"end":{"line":104,"column":63}},"27":{"start":{"line":105,"column":8},"end":{"line":105,"column":14}},"28":{"start":{"line":112,"column":8},"end":{"line":121,"column":10},"skip":true},"29":{"start":{"line":119,"column":12},"end":{"line":119,"column":55},"skip":true},"30":{"start":{"line":120,"column":12},"end":{"line":120,"column":48},"skip":true},"31":{"start":{"line":123,"column":8},"end":{"line":136,"column":10},"skip":true},"32":{"start":{"line":130,"column":12},"end":{"line":130,"column":76},"skip":true},"33":{"start":{"line":131,"column":12},"end":{"line":131,"column":73},"skip":true},"34":{"start":{"line":132,"column":12},"end":{"line":132,"column":74},"skip":true},"35":{"start":{"line":133,"column":12},"end":{"line":133,"column":79},"skip":true},"36":{"start":{"line":134,"column":12},"end":{"line":134,"column":25},"skip":true},"37":{"start":{"line":135,"column":12},"end":{"line":135,"column":45},"skip":true},"38":{"start":{"line":138,"column":8},"end":{"line":145,"column":14},"skip":true},"39":{"start":{"line":143,"column":16},"end":{"line":143,"column":29},"skip":true},"40":{"start":{"line":144,"column":16},"end":{"line":144,"column":55},"skip":true},"41":{"start":{"line":147,"column":8},"end":{"line":156,"column":10},"skip":true},"42":{"start":{"line":154,"column":12},"end":{"line":154,"column":25},"skip":true},"43":{"start":{"line":155,"column":12},"end":{"line":155,"column":45},"skip":true},"44":{"start":{"line":158,"column":8},"end":{"line":167,"column":10},"skip":true},"45":{"start":{"line":165,"column":12},"end":{"line":165,"column":25},"skip":true},"46":{"start":{"line":166,"column":12},"end":{"line":166,"column":48},"skip":true},"47":{"start":{"line":169,"column":8},"end":{"line":178,"column":10},"skip":true},"48":{"start":{"line":176,"column":12},"end":{"line":176,"column":25},"skip":true},"49":{"start":{"line":177,"column":12},"end":{"line":177,"column":46},"skip":true},"50":{"start":{"line":180,"column":8},"end":{"line":189,"column":10},"skip":true},"51":{"start":{"line":187,"column":12},"end":{"line":187,"column":94},"skip":true},"52":{"start":{"line":188,"column":12},"end":{"line":188,"column":48},"skip":true},"53":{"start":{"line":192,"column":8},"end":{"line":192,"column":35},"skip":true},"54":{"start":{"line":193,"column":8},"end":{"line":193,"column":14},"skip":true}},"branchMap":{"1":{"line":25,"type":"binary-expr","locations":[{"start":{"line":25,"column":23},"end":{"line":25,"column":62}},{"start":{"line":26,"column":20},"end":{"line":26,"column":70}},{"start":{"line":27,"column":20},"end":{"line":27,"column":71}},{"start":{"line":28,"column":20},"end":{"line":28,"column":29}}]},"2":{"line":30,"type":"binary-expr","locations":[{"start":{"line":30,"column":23},"end":{"line":30,"column":37}},{"start":{"line":31,"column":20},"end":{"line":31,"column":61}},{"start":{"line":32,"column":20},"end":{"line":32,"column":70}},{"start":{"line":33,"column":20},"end":{"line":33,"column":26}}]},"3":{"line":37,"type":"cond-expr","locations":[{"start":{"line":38,"column":14},"end":{"line":38,"column":20}},{"start":{"line":39,"column":14},"end":{"line":39,"column":20}}]},"4":{"line":40,"type":"switch","locations":[{"start":{"line":42,"column":8},"end":{"line":47,"column":18}},{"start":{"line":49,"column":8},"end":{"line":52,"column":18}}]},"5":{"line":44,"type":"binary-expr","locations":[{"start":{"line":44,"column":16},"end":{"line":44,"column":44}},{"start":{"line":44,"column":48},"end":{"line":44,"column":66}}]},"6":{"line":50,"type":"binary-expr","locations":[{"start":{"line":50,"column":21},"end":{"line":50,"column":49}},{"start":{"line":50,"column":53},"end":{"line":50,"column":72}}]},"7":{"line":64,"type":"switch","locations":[{"start":{"line":69,"column":4},"end":{"line":70,"column":14}},{"start":{"line":75,"column":4},"end":{"line":76,"column":14}}]},"8":{"line":85,"type":"switch","locations":[{"start":{"line":90,"column":4},"end":{"line":105,"column":14}},{"start":{"line":111,"column":4},"end":{"line":193,"column":14},"skip":true}]},"9":{"line":91,"type":"binary-expr","locations":[{"start":{"line":91,"column":42},"end":{"line":91,"column":73}},{"start":{"line":91,"column":77},"end":{"line":99,"column":9}}]},"10":{"line":102,"type":"binary-expr","locations":[{"start":{"line":102,"column":18},"end":{"line":102,"column":32}},{"start":{"line":103,"column":12},"end":{"line":103,"column":53}},{"start":{"line":104,"column":12},"end":{"line":104,"column":61}}]},"11":{"line":112,"type":"binary-expr","locations":[{"start":{"line":112,"column":45},"end":{"line":112,"column":79},"skip":true},{"start":{"line":112,"column":83},"end":{"line":121,"column":9},"skip":true}]},"12":{"line":123,"type":"binary-expr","locations":[{"start":{"line":123,"column":42},"end":{"line":123,"column":73},"skip":true},{"start":{"line":123,"column":77},"end":{"line":136,"column":9},"skip":true}]},"13":{"line":138,"type":"binary-expr","locations":[{"start":{"line":138,"column":48},"end":{"line":138,"column":85},"skip":true},{"start":{"line":139,"column":12},"end":{"line":145,"column":13},"skip":true}]},"14":{"line":147,"type":"binary-expr","locations":[{"start":{"line":147,"column":42},"end":{"line":147,"column":73},"skip":true},{"start":{"line":147,"column":77},"end":{"line":156,"column":9},"skip":true}]},"15":{"line":158,"type":"binary-expr","locations":[{"start":{"line":158,"column":45},"end":{"line":158,"column":79},"skip":true},{"start":{"line":158,"column":83},"end":{"line":167,"column":9},"skip":true}]},"16":{"line":169,"type":"binary-expr","locations":[{"start":{"line":169,"column":43},"end":{"line":169,"column":75},"skip":true},{"start":{"line":169,"column":79},"end":{"line":178,"column":9},"skip":true}]},"17":{"line":180,"type":"binary-expr","locations":[{"start":{"line":180,"column":41},"end":{"line":180,"column":71},"skip":true},{"start":{"line":180,"column":75},"end":{"line":189,"column":9},"skip":true}]}},"code":["/* istanbul instrument in package npmtest_shipit */","/*jslint","    bitwise: true,","    browser: true,","    maxerr: 8,","    maxlen: 96,","    node: true,","    nomen: true,","    regexp: true,","    stupid: true","*/","(function () {","    'use strict';","    var local;","","","","    // run shared js-env code - pre-init","    (function () {","        // init local","        local = {};","        // init modeJs","        local.modeJs = (function () {","            try {","                return typeof navigator.userAgent === 'string' &&","                    typeof document.querySelector('body') === 'object' &&","                    typeof XMLHttpRequest.prototype.open === 'function' &&","                    'browser';","            } catch (errorCaughtBrowser) {","                return module.exports &&","                    typeof process.versions.node === 'string' &&","                    typeof require('http').createServer === 'function' &&","                    'node';","            }","        }());","        // init global","        local.global = local.modeJs === 'browser'","            ? window","            : global;","        switch (local.modeJs) {","        // re-init local from window.local","        case 'browser':","            local = local.global.utility2.objectSetDefault(","                local.global.utility2_rollup || local.global.local,","                local.global.utility2","            );","            break;","        // re-init local from example.js","        case 'node':","            local = (local.global.utility2_rollup || require('utility2'))","                .requireExampleJsFromReadme();","            break;","        }","        // export local","        local.global.local = local;","    }());","","","","    // run shared js-env code - function","    (function () {","        return;","    }());","    switch (local.modeJs) {","","","","    // run browser js-env code - function","    case 'browser':","        break;","","","","    // run node js-env code - function","    case 'node':","        break;","    }","","","","    // run shared js-env code - post-init","    (function () {","        return;","    }());","    switch (local.modeJs) {","","","","    // run browser js-env code - post-init","    case 'browser':","        local.testCase_browser_nullCase = local.testCase_browser_nullCase || function (","            options,","            onError","        ) {","        /*","         * this function will test browsers's null-case handling-behavior-behavior","         */","            onError(null, options);","        };","","        // run tests","        local.nop(local.modeTest &&","            document.querySelector('#testRunButton1') &&","            document.querySelector('#testRunButton1').click());","        break;","","","","    // run node js-env code - post-init","    /* istanbul ignore next */","    case 'node':","        local.testCase_buildApidoc_default = local.testCase_buildApidoc_default || function (","            options,","            onError","        ) {","        /*","         * this function will test buildApidoc's default handling-behavior-behavior","         */","            options = { modulePathList: module.paths };","            local.buildApidoc(options, onError);","        };","","        local.testCase_buildApp_default = local.testCase_buildApp_default || function (","            options,","            onError","        ) {","        /*","         * this function will test buildApp's default handling-behavior-behavior","         */","            local.testCase_buildReadme_default(options, local.onErrorThrow);","            local.testCase_buildLib_default(options, local.onErrorThrow);","            local.testCase_buildTest_default(options, local.onErrorThrow);","            local.testCase_buildCustomOrg_default(options, local.onErrorThrow);","            options = [];","            local.buildApp(options, onError);","        };","","        local.testCase_buildCustomOrg_default = local.testCase_buildCustomOrg_default ||","            function (options, onError) {","            /*","             * this function will test buildCustomOrg's default handling-behavior","             */","                options = {};","                local.buildCustomOrg(options, onError);","            };","","        local.testCase_buildLib_default = local.testCase_buildLib_default || function (","            options,","            onError","        ) {","        /*","         * this function will test buildLib's default handling-behavior","         */","            options = {};","            local.buildLib(options, onError);","        };","","        local.testCase_buildReadme_default = local.testCase_buildReadme_default || function (","            options,","            onError","        ) {","        /*","         * this function will test buildReadme's default handling-behavior-behavior","         */","            options = {};","            local.buildReadme(options, onError);","        };","","        local.testCase_buildTest_default = local.testCase_buildTest_default || function (","            options,","            onError","        ) {","        /*","         * this function will test buildTest's default handling-behavior","         */","            options = {};","            local.buildTest(options, onError);","        };","","        local.testCase_webpage_default = local.testCase_webpage_default || function (","            options,","            onError","        ) {","        /*","         * this function will test webpage's default handling-behavior","         */","            options = { modeCoverageMerge: true, url: local.serverLocalHost + '?modeTest=1' };","            local.browserTest(options, onError);","        };","","        // run test-server","        local.testRunServer(local);","        break;","    }","}());",""],"l":{"12":2,"14":2,"19":2,"21":2,"23":2,"24":2,"25":2,"30":1,"37":2,"40":2,"43":1,"47":1,"50":1,"52":1,"55":2,"61":2,"62":2,"64":2,"70":1,"76":1,"82":2,"83":2,"85":2,"91":1,"98":1,"102":1,"105":1,"112":1,"119":1,"120":1,"123":1,"130":1,"131":1,"132":1,"133":1,"134":1,"135":1,"138":1,"143":2,"144":2,"147":1,"154":2,"155":2,"158":1,"165":2,"166":2,"169":1,"176":2,"177":2,"180":1,"187":1,"188":1,"192":1,"193":1}},"/home/travis/build/npmtest/node-npmtest-shipit/lib.npmtest_shipit.js":{"path":"/home/travis/build/npmtest/node-npmtest-shipit/lib.npmtest_shipit.js","s":{"1":2,"2":2,"3":2,"4":2,"5":2,"6":2,"7":2,"8":1,"9":2,"10":2,"11":2,"12":2,"13":1,"14":1,"15":1,"16":1},"b":{"1":[2,1,1,1],"2":[1,1,1,1],"3":[1,1],"4":[2,2],"5":[1,1]},"f":{"1":2,"2":2,"3":2},"fnMap":{"1":{"name":"(anonymous_1)","line":12,"loc":{"start":{"line":12,"column":1},"end":{"line":12,"column":13}}},"2":{"name":"(anonymous_2)","line":19,"loc":{"start":{"line":19,"column":5},"end":{"line":19,"column":17}}},"3":{"name":"(anonymous_3)","line":23,"loc":{"start":{"line":23,"column":24},"end":{"line":23,"column":36}}}},"statementMap":{"1":{"start":{"line":12,"column":0},"end":{"line":53,"column":5}},"2":{"start":{"line":14,"column":4},"end":{"line":14,"column":14}},"3":{"start":{"line":19,"column":4},"end":{"line":52,"column":9}},"4":{"start":{"line":21,"column":8},"end":{"line":21,"column":19}},"5":{"start":{"line":23,"column":8},"end":{"line":35,"column":13}},"6":{"start":{"line":24,"column":12},"end":{"line":34,"column":13}},"7":{"start":{"line":25,"column":16},"end":{"line":28,"column":30}},"8":{"start":{"line":30,"column":16},"end":{"line":33,"column":27}},"9":{"start":{"line":37,"column":8},"end":{"line":39,"column":21}},"10":{"start":{"line":41,"column":8},"end":{"line":41,"column":54}},"11":{"start":{"line":43,"column":8},"end":{"line":43,"column":51}},"12":{"start":{"line":45,"column":8},"end":{"line":51,"column":9}},"13":{"start":{"line":46,"column":12},"end":{"line":46,"column":57}},"14":{"start":{"line":48,"column":12},"end":{"line":48,"column":35}},"15":{"start":{"line":49,"column":12},"end":{"line":49,"column":49}},"16":{"start":{"line":50,"column":12},"end":{"line":50,"column":43}}},"branchMap":{"1":{"line":25,"type":"binary-expr","locations":[{"start":{"line":25,"column":23},"end":{"line":25,"column":62}},{"start":{"line":26,"column":20},"end":{"line":26,"column":70}},{"start":{"line":27,"column":20},"end":{"line":27,"column":71}},{"start":{"line":28,"column":20},"end":{"line":28,"column":29}}]},"2":{"line":30,"type":"binary-expr","locations":[{"start":{"line":30,"column":23},"end":{"line":30,"column":37}},{"start":{"line":31,"column":20},"end":{"line":31,"column":61}},{"start":{"line":32,"column":20},"end":{"line":32,"column":70}},{"start":{"line":33,"column":20},"end":{"line":33,"column":26}}]},"3":{"line":37,"type":"cond-expr","locations":[{"start":{"line":38,"column":14},"end":{"line":38,"column":20}},{"start":{"line":39,"column":14},"end":{"line":39,"column":20}}]},"4":{"line":41,"type":"binary-expr","locations":[{"start":{"line":41,"column":16},"end":{"line":41,"column":44}},{"start":{"line":41,"column":48},"end":{"line":41,"column":53}}]},"5":{"line":45,"type":"if","locations":[{"start":{"line":45,"column":8},"end":{"line":45,"column":8}},{"start":{"line":45,"column":8},"end":{"line":45,"column":8}}]}},"code":["/* istanbul instrument in package npmtest_shipit */","/*jslint","    bitwise: true,","    browser: true,","    maxerr: 8,","    maxlen: 96,","    node: true,","    nomen: true,","    regexp: true,","    stupid: true","*/","(function () {","    'use strict';","    var local;","","","","    // run shared js-env code - pre-init","    (function () {","        // init local","        local = {};","        // init modeJs","        local.modeJs = (function () {","            try {","                return typeof navigator.userAgent === 'string' &&","                    typeof document.querySelector('body') === 'object' &&","                    typeof XMLHttpRequest.prototype.open === 'function' &&","                    'browser';","            } catch (errorCaughtBrowser) {","                return module.exports &&","                    typeof process.versions.node === 'string' &&","                    typeof require('http').createServer === 'function' &&","                    'node';","            }","        }());","        // init global","        local.global = local.modeJs === 'browser'","            ? window","            : global;","        // init utility2_rollup","        local = local.global.utility2_rollup || local;","        // init lib","        local.local = local.npmtest_shipit = local;","        // init exports","        if (local.modeJs === 'browser') {","            local.global.utility2_npmtest_shipit = local;","        } else {","            module.exports = local;","            module.exports.__dirname = __dirname;","            module.exports.module = module;","        }","    }());","}());",""],"l":{"12":2,"14":2,"19":2,"21":2,"23":2,"24":2,"25":2,"30":1,"37":2,"41":2,"43":2,"45":2,"46":1,"48":1,"49":1,"50":1}},"/home/travis/build/npmtest/node-npmtest-shipit/example.js":{"path":"/home/travis/build/npmtest/node-npmtest-shipit/example.js","s":{"1":2,"2":2,"3":2,"4":2,"5":2,"6":2,"7":2,"8":1,"9":2,"10":2,"11":2,"12":2,"13":1,"14":2,"15":2,"16":2,"17":2,"18":2,"19":0,"20":2,"21":1,"22":1,"23":1,"24":1,"25":1,"26":0,"27":0,"28":1,"29":1,"30":2,"31":0,"32":0,"33":0,"34":1,"35":2,"36":2,"37":3,"38":3,"39":3,"40":3,"41":0,"42":3,"43":3,"44":3,"45":1,"46":3,"47":1,"48":1,"49":1,"50":1,"51":1,"52":1,"53":1,"54":1,"55":1,"56":1,"57":0,"58":1,"59":6,"60":6,"61":1,"62":2,"63":0,"64":2,"65":1,"66":1,"67":0,"68":0,"69":0,"70":0,"71":0,"72":0,"73":0,"74":0,"75":0,"76":0,"77":0,"78":0,"79":0,"80":0,"81":0,"82":0,"83":0},"b":{"1":[2,1,1,1],"2":[1,1,1,1],"3":[1,1],"4":[2,2],"5":[1,1],"6":[1,1],"7":[2,0],"8":[2,1,1,1,1,1],"9":[0,2,0],"10":[1,1],"11":[2,1,1],"12":[1,0],"13":[0,2],"14":[2,0,0,0,0,0,0],"15":[0,3],"16":[3,0],"17":[1,1],"18":[0,1],"19":[1,2,0,2],"20":[1,0],"21":[1,1],"22":[0,0],"23":[0,0],"24":[0,0],"25":[0,0],"26":[0,0],"27":[0,0],"28":[0,0]},"f":{"1":2,"2":2,"3":2,"4":2,"5":2,"6":2,"7":3,"8":3,"9":3,"10":1,"11":6,"12":0},"fnMap":{"1":{"name":"(anonymous_1)","line":26,"loc":{"start":{"line":26,"column":1},"end":{"line":26,"column":13}}},"2":{"name":"(anonymous_2)","line":33,"loc":{"start":{"line":33,"column":5},"end":{"line":33,"column":17}}},"3":{"name":"(anonymous_3)","line":37,"loc":{"start":{"line":37,"column":24},"end":{"line":37,"column":36}}},"4":{"name":"(anonymous_4)","line":69,"loc":{"start":{"line":69,"column":31},"end":{"line":69,"column":48}},"skip":true},"5":{"name":"(anonymous_5)","line":78,"loc":{"start":{"line":78,"column":26},"end":{"line":78,"column":45}},"skip":true},"6":{"name":"(anonymous_6)","line":123,"loc":{"start":{"line":123,"column":33},"end":{"line":123,"column":48}},"skip":true},"7":{"name":"(anonymous_7)","line":125,"loc":{"start":{"line":125,"column":27},"end":{"line":125,"column":39}},"skip":true},"8":{"name":"(anonymous_8)","line":133,"loc":{"start":{"line":133,"column":59},"end":{"line":133,"column":74}},"skip":true},"9":{"name":"(anonymous_9)","line":143,"loc":{"start":{"line":143,"column":45},"end":{"line":143,"column":62}},"skip":true},"10":{"name":"(anonymous_10)","line":144,"loc":{"start":{"line":144,"column":73},"end":{"line":144,"column":92}},"skip":true},"11":{"name":"(anonymous_11)","line":272,"loc":{"start":{"line":272,"column":51},"end":{"line":272,"column":77}},"skip":true},"12":{"name":"(anonymous_12)","line":315,"loc":{"start":{"line":315,"column":32},"end":{"line":315,"column":61}},"skip":true}},"statementMap":{"1":{"start":{"line":26,"column":0},"end":{"line":326,"column":5}},"2":{"start":{"line":28,"column":4},"end":{"line":28,"column":14}},"3":{"start":{"line":33,"column":4},"end":{"line":60,"column":9}},"4":{"start":{"line":35,"column":8},"end":{"line":35,"column":19}},"5":{"start":{"line":37,"column":8},"end":{"line":49,"column":13}},"6":{"start":{"line":38,"column":12},"end":{"line":48,"column":13}},"7":{"start":{"line":39,"column":16},"end":{"line":42,"column":30}},"8":{"start":{"line":44,"column":16},"end":{"line":47,"column":27}},"9":{"start":{"line":51,"column":8},"end":{"line":53,"column":21}},"10":{"start":{"line":55,"column":8},"end":{"line":57,"column":45}},"11":{"start":{"line":59,"column":8},"end":{"line":59,"column":35}},"12":{"start":{"line":61,"column":4},"end":{"line":325,"column":5}},"13":{"start":{"line":69,"column":8},"end":{"line":121,"column":10},"skip":true},"14":{"start":{"line":70,"column":12},"end":{"line":88,"column":13},"skip":true},"15":{"start":{"line":76,"column":16},"end":{"line":87,"column":19},"skip":true},"16":{"start":{"line":79,"column":20},"end":{"line":86,"column":21},"skip":true},"17":{"start":{"line":82,"column":24},"end":{"line":82,"column":43},"skip":true},"18":{"start":{"line":83,"column":24},"end":{"line":83,"column":30},"skip":true},"19":{"start":{"line":85,"column":24},"end":{"line":85,"column":49},"skip":true},"20":{"start":{"line":89,"column":12},"end":{"line":107,"column":13},"skip":true},"21":{"start":{"line":92,"column":16},"end":{"line":102,"column":17},"skip":true},"22":{"start":{"line":93,"column":20},"end":{"line":93,"column":86},"skip":true},"23":{"start":{"line":94,"column":20},"end":{"line":95,"column":45},"skip":true},"24":{"start":{"line":96,"column":20},"end":{"line":96,"column":42},"skip":true},"25":{"start":{"line":97,"column":20},"end":{"line":97,"column":48},"skip":true},"26":{"start":{"line":100,"column":20},"end":{"line":100,"column":85},"skip":true},"27":{"start":{"line":101,"column":20},"end":{"line":101,"column":96},"skip":true},"28":{"start":{"line":103,"column":16},"end":{"line":103,"column":22},"skip":true},"29":{"start":{"line":106,"column":16},"end":{"line":106,"column":22},"skip":true},"30":{"start":{"line":108,"column":12},"end":{"line":120,"column":13},"skip":true},"31":{"start":{"line":114,"column":16},"end":{"line":119,"column":17},"skip":true},"32":{"start":{"line":116,"column":20},"end":{"line":116,"column":78},"skip":true},"33":{"start":{"line":118,"column":20},"end":{"line":118,"column":47},"skip":true},"34":{"start":{"line":123,"column":8},"end":{"line":141,"column":11},"skip":true},"35":{"start":{"line":124,"column":12},"end":{"line":124,"column":54},"skip":true},"36":{"start":{"line":125,"column":12},"end":{"line":140,"column":14},"skip":true},"37":{"start":{"line":126,"column":16},"end":{"line":126,"column":28},"skip":true},"38":{"start":{"line":127,"column":16},"end":{"line":127,"column":69},"skip":true},"39":{"start":{"line":128,"column":16},"end":{"line":128,"column":75},"skip":true},"40":{"start":{"line":129,"column":16},"end":{"line":131,"column":17},"skip":true},"41":{"start":{"line":130,"column":20},"end":{"line":130,"column":27},"skip":true},"42":{"start":{"line":133,"column":16},"end":{"line":137,"column":36},"skip":true},"43":{"start":{"line":134,"column":20},"end":{"line":136,"column":55},"skip":true},"44":{"start":{"line":139,"column":16},"end":{"line":139,"column":57},"skip":true},"45":{"start":{"line":143,"column":8},"end":{"line":147,"column":11},"skip":true},"46":{"start":{"line":144,"column":12},"end":{"line":146,"column":15},"skip":true},"47":{"start":{"line":145,"column":16},"end":{"line":145,"column":70},"skip":true},"48":{"start":{"line":149,"column":8},"end":{"line":149,"column":31},"skip":true},"49":{"start":{"line":150,"column":8},"end":{"line":150,"column":14},"skip":true},"50":{"start":{"line":158,"column":8},"end":{"line":158,"column":31},"skip":true},"51":{"start":{"line":160,"column":8},"end":{"line":160,"column":33},"skip":true},"52":{"start":{"line":161,"column":8},"end":{"line":161,"column":37},"skip":true},"53":{"start":{"line":162,"column":8},"end":{"line":162,"column":35},"skip":true},"54":{"start":{"line":164,"column":8},"end":{"line":164,"column":50},"skip":true},"55":{"start":{"line":166,"column":8},"end":{"line":256,"column":2},"skip":true},"56":{"start":{"line":258,"column":8},"end":{"line":286,"column":9},"skip":true},"57":{"start":{"line":259,"column":12},"end":{"line":269,"column":14},"skip":true},"58":{"start":{"line":271,"column":12},"end":{"line":285,"column":19},"skip":true},"59":{"start":{"line":274,"column":20},"end":{"line":274,"column":35},"skip":true},"60":{"start":{"line":275,"column":20},"end":{"line":284,"column":21},"skip":true},"61":{"start":{"line":277,"column":24},"end":{"line":277,"column":64},"skip":true},"62":{"start":{"line":279,"column":24},"end":{"line":279,"column":40},"skip":true},"63":{"start":{"line":281,"column":24},"end":{"line":281,"column":40},"skip":true},"64":{"start":{"line":283,"column":24},"end":{"line":283,"column":39},"skip":true},"65":{"start":{"line":288,"column":8},"end":{"line":290,"column":9},"skip":true},"66":{"start":{"line":289,"column":12},"end":{"line":289,"column":18},"skip":true},"67":{"start":{"line":291,"column":8},"end":{"line":293,"column":54},"skip":true},"68":{"start":{"line":296,"column":8},"end":{"line":301,"column":37},"skip":true},"69":{"start":{"line":303,"column":8},"end":{"line":303,"column":82},"skip":true},"70":{"start":{"line":306,"column":8},"end":{"line":308,"column":9},"skip":true},"71":{"start":{"line":307,"column":12},"end":{"line":307,"column":82},"skip":true},"72":{"start":{"line":310,"column":8},"end":{"line":312,"column":9},"skip":true},"73":{"start":{"line":311,"column":12},"end":{"line":311,"column":18},"skip":true},"74":{"start":{"line":313,"column":8},"end":{"line":313,"column":54},"skip":true},"75":{"start":{"line":314,"column":8},"end":{"line":314,"column":69},"skip":true},"76":{"start":{"line":315,"column":8},"end":{"line":323,"column":36},"skip":true},"77":{"start":{"line":316,"column":12},"end":{"line":316,"column":61},"skip":true},"78":{"start":{"line":317,"column":12},"end":{"line":320,"column":13},"skip":true},"79":{"start":{"line":318,"column":16},"end":{"line":318,"column":75},"skip":true},"80":{"start":{"line":319,"column":16},"end":{"line":319,"column":23},"skip":true},"81":{"start":{"line":321,"column":12},"end":{"line":321,"column":38},"skip":true},"82":{"start":{"line":322,"column":12},"end":{"line":322,"column":27},"skip":true},"83":{"start":{"line":324,"column":8},"end":{"line":324,"column":14},"skip":true}},"branchMap":{"1":{"line":39,"type":"binary-expr","locations":[{"start":{"line":39,"column":23},"end":{"line":39,"column":62}},{"start":{"line":40,"column":20},"end":{"line":40,"column":70}},{"start":{"line":41,"column":20},"end":{"line":41,"column":71}},{"start":{"line":42,"column":20},"end":{"line":42,"column":29}}]},"2":{"line":44,"type":"binary-expr","locations":[{"start":{"line":44,"column":23},"end":{"line":44,"column":37}},{"start":{"line":45,"column":20},"end":{"line":45,"column":61}},{"start":{"line":46,"column":20},"end":{"line":46,"column":70}},{"start":{"line":47,"column":20},"end":{"line":47,"column":26}}]},"3":{"line":51,"type":"cond-expr","locations":[{"start":{"line":52,"column":14},"end":{"line":52,"column":20}},{"start":{"line":53,"column":14},"end":{"line":53,"column":20}}]},"4":{"line":55,"type":"binary-expr","locations":[{"start":{"line":55,"column":16},"end":{"line":55,"column":44}},{"start":{"line":55,"column":49},"end":{"line":57,"column":43}}]},"5":{"line":55,"type":"cond-expr","locations":[{"start":{"line":56,"column":14},"end":{"line":56,"column":50}},{"start":{"line":57,"column":14},"end":{"line":57,"column":43}}]},"6":{"line":61,"type":"switch","locations":[{"start":{"line":68,"column":4},"end":{"line":150,"column":14},"skip":true},{"start":{"line":156,"column":4},"end":{"line":324,"column":14},"skip":true}]},"7":{"line":70,"type":"if","locations":[{"start":{"line":70,"column":12},"end":{"line":70,"column":12},"skip":true},{"start":{"line":70,"column":12},"end":{"line":70,"column":12},"skip":true}]},"8":{"line":70,"type":"binary-expr","locations":[{"start":{"line":70,"column":16},"end":{"line":70,"column":22},"skip":true},{"start":{"line":70,"column":27},"end":{"line":70,"column":32},"skip":true},{"start":{"line":71,"column":20},"end":{"line":71,"column":39},"skip":true},{"start":{"line":72,"column":20},"end":{"line":72,"column":49},"skip":true},{"start":{"line":73,"column":20},"end":{"line":73,"column":58},"skip":true},{"start":{"line":74,"column":20},"end":{"line":74,"column":69},"skip":true}]},"9":{"line":79,"type":"switch","locations":[{"start":{"line":80,"column":20},"end":{"line":80,"column":33},"skip":true},{"start":{"line":81,"column":20},"end":{"line":83,"column":30},"skip":true},{"start":{"line":84,"column":20},"end":{"line":85,"column":49},"skip":true}]},"10":{"line":89,"type":"switch","locations":[{"start":{"line":90,"column":12},"end":{"line":103,"column":22},"skip":true},{"start":{"line":105,"column":12},"end":{"line":106,"column":22},"skip":true}]},"11":{"line":89,"type":"binary-expr","locations":[{"start":{"line":89,"column":20},"end":{"line":89,"column":25},"skip":true},{"start":{"line":89,"column":29},"end":{"line":89,"column":48},"skip":true},{"start":{"line":89,"column":52},"end":{"line":89,"column":74},"skip":true}]},"12":{"line":92,"type":"if","locations":[{"start":{"line":92,"column":16},"end":{"line":92,"column":16},"skip":true},{"start":{"line":92,"column":16},"end":{"line":92,"column":16},"skip":true}]},"13":{"line":108,"type":"if","locations":[{"start":{"line":108,"column":12},"end":{"line":108,"column":12},"skip":true},{"start":{"line":108,"column":12},"end":{"line":108,"column":12},"skip":true}]},"14":{"line":108,"type":"binary-expr","locations":[{"start":{"line":108,"column":16},"end":{"line":108,"column":61},"skip":true},{"start":{"line":108,"column":66},"end":{"line":108,"column":72},"skip":true},{"start":{"line":108,"column":77},"end":{"line":108,"column":82},"skip":true},{"start":{"line":109,"column":20},"end":{"line":109,"column":39},"skip":true},{"start":{"line":110,"column":20},"end":{"line":110,"column":49},"skip":true},{"start":{"line":111,"column":20},"end":{"line":111,"column":58},"skip":true},{"start":{"line":112,"column":20},"end":{"line":112,"column":68},"skip":true}]},"15":{"line":129,"type":"if","locations":[{"start":{"line":129,"column":16},"end":{"line":129,"column":16},"skip":true},{"start":{"line":129,"column":16},"end":{"line":129,"column":16},"skip":true}]},"16":{"line":134,"type":"cond-expr","locations":[{"start":{"line":135,"column":26},"end":{"line":135,"column":29},"skip":true},{"start":{"line":136,"column":26},"end":{"line":136,"column":54},"skip":true}]},"17":{"line":164,"type":"binary-expr","locations":[{"start":{"line":164,"column":27},"end":{"line":164,"column":43},"skip":true},{"start":{"line":164,"column":47},"end":{"line":164,"column":49},"skip":true}]},"18":{"line":258,"type":"if","locations":[{"start":{"line":258,"column":8},"end":{"line":258,"column":8},"skip":true},{"start":{"line":258,"column":8},"end":{"line":258,"column":8},"skip":true}]},"19":{"line":275,"type":"switch","locations":[{"start":{"line":276,"column":20},"end":{"line":277,"column":64},"skip":true},{"start":{"line":278,"column":20},"end":{"line":279,"column":40},"skip":true},{"start":{"line":280,"column":20},"end":{"line":281,"column":40},"skip":true},{"start":{"line":282,"column":20},"end":{"line":283,"column":39},"skip":true}]},"20":{"line":288,"type":"if","locations":[{"start":{"line":288,"column":8},"end":{"line":288,"column":8},"skip":true},{"start":{"line":288,"column":8},"end":{"line":288,"column":8},"skip":true}]},"21":{"line":288,"type":"binary-expr","locations":[{"start":{"line":288,"column":12},"end":{"line":288,"column":40},"skip":true},{"start":{"line":288,"column":44},"end":{"line":288,"column":67},"skip":true}]},"22":{"line":292,"type":"binary-expr","locations":[{"start":{"line":292,"column":12},"end":{"line":292,"column":50},"skip":true},{"start":{"line":293,"column":12},"end":{"line":293,"column":53},"skip":true}]},"23":{"line":297,"type":"binary-expr","locations":[{"start":{"line":297,"column":12},"end":{"line":297,"column":64},"skip":true},{"start":{"line":298,"column":12},"end":{"line":301,"column":36},"skip":true}]},"24":{"line":303,"type":"binary-expr","locations":[{"start":{"line":303,"column":43},"end":{"line":303,"column":75},"skip":true},{"start":{"line":303,"column":79},"end":{"line":303,"column":81},"skip":true}]},"25":{"line":306,"type":"if","locations":[{"start":{"line":306,"column":8},"end":{"line":306,"column":8},"skip":true},{"start":{"line":306,"column":8},"end":{"line":306,"column":8},"skip":true}]},"26":{"line":310,"type":"if","locations":[{"start":{"line":310,"column":8},"end":{"line":310,"column":8},"skip":true},{"start":{"line":310,"column":8},"end":{"line":310,"column":8},"skip":true}]},"27":{"line":313,"type":"binary-expr","locations":[{"start":{"line":313,"column":27},"end":{"line":313,"column":43},"skip":true},{"start":{"line":313,"column":47},"end":{"line":313,"column":53},"skip":true}]},"28":{"line":317,"type":"if","locations":[{"start":{"line":317,"column":12},"end":{"line":317,"column":12},"skip":true},{"start":{"line":317,"column":12},"end":{"line":317,"column":12},"skip":true}]}},"code":["/*","example.js","","quickstart example","","instruction","    1. save this script as example.js","    2. run the shell command:","        $ npm install npmtest-shipit && PORT=8081 node example.js","    3. play with the browser-demo on http://127.0.0.1:8081","*/","","","","/* istanbul instrument in package npmtest_shipit */","/*jslint","    bitwise: true,","    browser: true,","    maxerr: 8,","    maxlen: 96,","    node: true,","    nomen: true,","    regexp: true,","    stupid: true","*/","(function () {","    'use strict';","    var local;","","","","    // run shared js-env code - pre-init","    (function () {","        // init local","        local = {};","        // init modeJs","        local.modeJs = (function () {","            try {","                return typeof navigator.userAgent === 'string' &&","                    typeof document.querySelector('body') === 'object' &&","                    typeof XMLHttpRequest.prototype.open === 'function' &&","                    'browser';","            } catch (errorCaughtBrowser) {","                return module.exports &&","                    typeof process.versions.node === 'string' &&","                    typeof require('http').createServer === 'function' &&","                    'node';","            }","        }());","        // init global","        local.global = local.modeJs === 'browser'","            ? window","            : global;","        // init utility2_rollup","        local = local.global.utility2_rollup || (local.modeJs === 'browser'","            ? local.global.utility2_npmtest_shipit","            : global.utility2_moduleExports);","        // export local","        local.global.local = local;","    }());","    switch (local.modeJs) {","","","","    // post-init","    // run browser js-env code - post-init","    /* istanbul ignore next */","    case 'browser':","        local.testRunBrowser = function (event) {","            if (!event || (event &&","                    event.currentTarget &&","                    event.currentTarget.className &&","                    event.currentTarget.className.includes &&","                    event.currentTarget.className.includes('onreset'))) {","                // reset output","                Array.from(","                    document.querySelectorAll('body > .resettable')","                ).forEach(function (element) {","                    switch (element.tagName) {","                    case 'INPUT':","                    case 'TEXTAREA':","                        element.value = '';","                        break;","                    default:","                        element.textContent = '';","                    }","                });","            }","            switch (event && event.currentTarget && event.currentTarget.id) {","            case 'testRunButton1':","                // show tests","                if (document.querySelector('#testReportDiv1').style.display === 'none') {","                    document.querySelector('#testReportDiv1').style.display = 'block';","                    document.querySelector('#testRunButton1').textContent =","                        'hide internal test';","                    local.modeTest = true;","                    local.testRunDefault(local);","                // hide tests","                } else {","                    document.querySelector('#testReportDiv1').style.display = 'none';","                    document.querySelector('#testRunButton1').textContent = 'run internal test';","                }","                break;","            // custom-case","            default:","                break;","            }","            if (document.querySelector('#inputTextareaEval1') && (!event || (event &&","                    event.currentTarget &&","                    event.currentTarget.className &&","                    event.currentTarget.className.includes &&","                    event.currentTarget.className.includes('oneval')))) {","                // try to eval input-code","                try {","                    /*jslint evil: true*/","                    eval(document.querySelector('#inputTextareaEval1').value);","                } catch (errorCaught) {","                    console.error(errorCaught);","                }","            }","        };","        // log stderr and stdout to #outputTextareaStdout1","        ['error', 'log'].forEach(function (key) {","            console[key + '_original'] = console[key];","            console[key] = function () {","                var element;","                console[key + '_original'].apply(console, arguments);","                element = document.querySelector('#outputTextareaStdout1');","                if (!element) {","                    return;","                }","                // append text to #outputTextareaStdout1","                element.value += Array.from(arguments).map(function (arg) {","                    return typeof arg === 'string'","                        ? arg","                        : JSON.stringify(arg, null, 4);","                }).join(' ') + '\\n';","                // scroll textarea to bottom","                element.scrollTop = element.scrollHeight;","            };","        });","        // init event-handling","        ['change', 'click', 'keyup'].forEach(function (event) {","            Array.from(document.querySelectorAll('.on' + event)).forEach(function (element) {","                element.addEventListener(event, local.testRunBrowser);","            });","        });","        // run tests","        local.testRunBrowser();","        break;","","","","    // run node js-env code - post-init","    /* istanbul ignore next */","    case 'node':","        // export local","        module.exports = local;","        // require modules","        local.fs = require('fs');","        local.http = require('http');","        local.url = require('url');","        // init assets","        local.assetsDict = local.assetsDict || {};","        /* jslint-ignore-begin */","        local.assetsDict['/assets.index.template.html'] = '\\","<!doctype html>\\n\\","<html lang=\"en\">\\n\\","<head>\\n\\","<meta charset=\"UTF-8\">\\n\\","<meta name=\"viewport\" content=\"width=device-width, initial-scale=1\">\\n\\","<title>{{env.npm_package_name}} (v{{env.npm_package_version}})</title>\\n\\","<style>\\n\\","/*csslint\\n\\","    box-sizing: false,\\n\\","    universal-selector: false\\n\\","*/\\n\\","* {\\n\\","    box-sizing: border-box;\\n\\","}\\n\\","body {\\n\\","    background: #dde;\\n\\","    font-family: Arial, Helvetica, sans-serif;\\n\\","    margin: 2rem;\\n\\","}\\n\\","body > * {\\n\\","    margin-bottom: 1rem;\\n\\","}\\n\\",".utility2FooterDiv {\\n\\","    margin-top: 20px;\\n\\","    text-align: center;\\n\\","}\\n\\","</style>\\n\\","<style>\\n\\","/*csslint\\n\\","*/\\n\\","textarea {\\n\\","    font-family: monospace;\\n\\","    height: 10rem;\\n\\","    width: 100%;\\n\\","}\\n\\","textarea[readonly] {\\n\\","    background: #ddd;\\n\\","}\\n\\","</style>\\n\\","</head>\\n\\","<body>\\n\\","<!-- utility2-comment\\n\\","<div id=\"ajaxProgressDiv1\" style=\"background: #d00; height: 2px; left: 0; margin: 0; padding: 0; position: fixed; top: 0; transition: background 0.5s, width 1.5s; width: 25%;\"></div>\\n\\","utility2-comment -->\\n\\","<h1>\\n\\","<!-- utility2-comment\\n\\","    <a\\n\\","        {{#if env.npm_package_homepage}}\\n\\","        href=\"{{env.npm_package_homepage}}\"\\n\\","        {{/if env.npm_package_homepage}}\\n\\","        target=\"_blank\"\\n\\","    >\\n\\","utility2-comment -->\\n\\","        {{env.npm_package_name}} (v{{env.npm_package_version}})\\n\\","<!-- utility2-comment\\n\\","    </a>\\n\\","utility2-comment -->\\n\\","</h1>\\n\\","<h3>{{env.npm_package_description}}</h3>\\n\\","<!-- utility2-comment\\n\\","<h4><a download href=\"assets.app.js\">download standalone app</a></h4>\\n\\","<button class=\"onclick onreset\" id=\"testRunButton1\">run internal test</button><br>\\n\\","<div id=\"testReportDiv1\" style=\"display: none;\"></div>\\n\\","utility2-comment -->\\n\\","\\n\\","\\n\\","\\n\\","<label>stderr and stdout</label>\\n\\","<textarea class=\"resettable\" id=\"outputTextareaStdout1\" readonly></textarea>\\n\\","<!-- utility2-comment\\n\\","{{#if isRollup}}\\n\\","<script src=\"assets.app.js\"></script>\\n\\","{{#unless isRollup}}\\n\\","utility2-comment -->\\n\\","<script src=\"assets.utility2.rollup.js\"></script>\\n\\","<script src=\"jsonp.utility2._stateInit?callback=window.utility2._stateInit\"></script>\\n\\","<script src=\"assets.npmtest_shipit.rollup.js\"></script>\\n\\","<script src=\"assets.example.js\"></script>\\n\\","<script src=\"assets.test.js\"></script>\\n\\","<!-- utility2-comment\\n\\","{{/if isRollup}}\\n\\","utility2-comment -->\\n\\","<div class=\"utility2FooterDiv\">\\n\\","    [ this app was created with\\n\\","    <a href=\"https://github.com/kaizhu256/node-utility2\" target=\"_blank\">utility2</a>\\n\\","    ]\\n\\","</div>\\n\\","</body>\\n\\","</html>\\n\\","';","        /* jslint-ignore-end */","        if (local.templateRender) {","            local.assetsDict['/'] = local.templateRender(","                local.assetsDict['/assets.index.template.html'],","                {","                    env: local.objectSetDefault(local.env, {","                        npm_package_description: 'the greatest app in the world!',","                        npm_package_name: 'my-app',","                        npm_package_nameAlias: 'my_app',","                        npm_package_version: '0.0.1'","                    })","                }","            );","        } else {","            local.assetsDict['/'] = local.assetsDict['/assets.index.template.html']","                .replace((/\\{\\{env\\.(\\w+?)\\}\\}/g), function (match0, match1) {","                    // jslint-hack","                    String(match0);","                    switch (match1) {","                    case 'npm_package_description':","                        return 'the greatest app in the world!';","                    case 'npm_package_name':","                        return 'my-app';","                    case 'npm_package_nameAlias':","                        return 'my_app';","                    case 'npm_package_version':","                        return '0.0.1';","                    }","                });","        }","        // run the cli","        if (local.global.utility2_rollup || module !== require.main) {","            break;","        }","        local.assetsDict['/assets.example.js'] =","            local.assetsDict['/assets.example.js'] ||","            local.fs.readFileSync(__filename, 'utf8');","        // bug-workaround - long $npm_package_buildCustomOrg","        /* jslint-ignore-begin */","        local.assetsDict['/assets.npmtest_shipit.rollup.js'] =","            local.assetsDict['/assets.npmtest_shipit.rollup.js'] ||","            local.fs.readFileSync(","                local.npmtest_shipit.__dirname + '/lib.npmtest_shipit.js',","                'utf8'","            ).replace((/^#!/), '//');","        /* jslint-ignore-end */","        local.assetsDict['/favicon.ico'] = local.assetsDict['/favicon.ico'] || '';","        // if $npm_config_timeout_exit exists,","        // then exit this process after $npm_config_timeout_exit ms","        if (Number(process.env.npm_config_timeout_exit)) {","            setTimeout(process.exit, Number(process.env.npm_config_timeout_exit));","        }","        // start server","        if (local.global.utility2_serverHttp1) {","            break;","        }","        process.env.PORT = process.env.PORT || '8081';","        console.error('server starting on port ' + process.env.PORT);","        local.http.createServer(function (request, response) {","            request.urlParsed = local.url.parse(request.url);","            if (local.assetsDict[request.urlParsed.pathname] !== undefined) {","                response.end(local.assetsDict[request.urlParsed.pathname]);","                return;","            }","            response.statusCode = 404;","            response.end();","        }).listen(process.env.PORT);","        break;","    }","}());",""],"l":{"26":2,"28":2,"33":2,"35":2,"37":2,"38":2,"39":2,"44":1,"51":2,"55":2,"59":2,"61":2,"69":1,"70":2,"76":2,"79":2,"82":2,"83":2,"85":1,"89":2,"92":1,"93":1,"94":1,"96":1,"97":1,"100":1,"101":1,"103":1,"106":1,"108":2,"114":1,"116":1,"118":1,"123":1,"124":2,"125":2,"126":3,"127":3,"128":3,"129":3,"130":1,"133":3,"134":3,"139":3,"143":1,"144":3,"145":1,"149":1,"150":1,"158":1,"160":1,"161":1,"162":1,"164":1,"166":1,"258":1,"259":1,"271":1,"274":6,"275":6,"277":1,"279":2,"281":1,"283":2,"288":1,"289":1,"291":1,"296":1,"303":1,"306":1,"307":1,"310":1,"311":1,"313":1,"314":1,"315":1,"316":1,"317":1,"318":1,"319":1,"321":1,"322":1,"324":1}},"/home/travis/build/npmtest/node-npmtest-shipit/node_modules/shipit/lib/main.js":{"path":"/home/travis/build/npmtest/node-npmtest-shipit/node_modules/shipit/lib/main.js","s":{"1":1,"2":1,"3":1,"4":1,"5":1,"6":1,"7":1,"8":1,"9":1,"10":1,"11":1,"12":1,"13":1,"14":1,"15":1,"16":1},"b":{},"f":{"1":1},"fnMap":{"1":{"name":"(anonymous_1)","line":1,"loc":{"start":{"line":1,"column":1},"end":{"line":1,"column":12}}}},"statementMap":{"1":{"start":{"line":1,"column":0},"end":{"line":46,"column":14}},"2":{"start":{"line":2,"column":2},"end":{"line":2,"column":181}},"3":{"start":{"line":4,"column":2},"end":{"line":4,"column":41}},"4":{"start":{"line":6,"column":2},"end":{"line":6,"column":47}},"5":{"start":{"line":8,"column":2},"end":{"line":8,"column":44}},"6":{"start":{"line":10,"column":2},"end":{"line":10,"column":59}},"7":{"start":{"line":12,"column":2},"end":{"line":12,"column":41}},"8":{"start":{"line":14,"column":2},"end":{"line":14,"column":50}},"9":{"start":{"line":16,"column":2},"end":{"line":16,"column":47}},"10":{"start":{"line":18,"column":2},"end":{"line":18,"column":50}},"11":{"start":{"line":20,"column":2},"end":{"line":20,"column":38}},"12":{"start":{"line":22,"column":2},"end":{"line":22,"column":63}},"13":{"start":{"line":24,"column":2},"end":{"line":24,"column":47}},"14":{"start":{"line":26,"column":2},"end":{"line":26,"column":56}},"15":{"start":{"line":28,"column":2},"end":{"line":28,"column":43}},"16":{"start":{"line":30,"column":2},"end":{"line":44,"column":4}}},"branchMap":{},"code":["(function() {","  var A1Client, AmazonClient, CanadaPostClient, DhlClient, DhlGmClient, FedexClient, LasershipClient, OnTracClient, PrestigeClient, UpsClient, UpsMiClient, UspsClient, guessCarrier;","","  UpsClient = require('./ups').UpsClient;","","  FedexClient = require('./fedex').FedexClient;","","  UspsClient = require('./usps').UspsClient;","","  LasershipClient = require('./lasership').LasershipClient;","","  DhlClient = require('./dhl').DhlClient;","","  OnTracClient = require('./ontrac').OnTracClient;","","  UpsMiClient = require('./upsmi').UpsMiClient;","","  AmazonClient = require('./amazon').AmazonClient;","","  A1Client = require('./a1').A1Client;","","  CanadaPostClient = require('./canada_post').CanadaPostClient;","","  DhlGmClient = require('./dhlgm').DhlGmClient;","","  PrestigeClient = require('./prestige').PrestigeClient;","","  guessCarrier = require('./guessCarrier');","","  module.exports = {","    UpsClient: UpsClient,","    FedexClient: FedexClient,","    UspsClient: UspsClient,","    LasershipClient: LasershipClient,","    DhlClient: DhlClient,","    OnTracClient: OnTracClient,","    UpsMiClient: UpsMiClient,","    AmazonClient: AmazonClient,","    A1Client: A1Client,","    CanadaPostClient: CanadaPostClient,","    DhlGmClient: DhlGmClient,","    PrestigeClient: PrestigeClient,","    guessCarrier: guessCarrier","  };","","}).call(this);",""],"l":{"1":1,"2":1,"4":1,"6":1,"8":1,"10":1,"12":1,"14":1,"16":1,"18":1,"20":1,"22":1,"24":1,"26":1,"28":1,"30":1}},"/home/travis/build/npmtest/node-npmtest-shipit/node_modules/shipit/lib/ups.js":{"path":"/home/travis/build/npmtest/node-npmtest-shipit/node_modules/shipit/lib/ups.js","s":{"1":1,"2":1,"3":1,"4":1,"5":1,"6":1,"7":1,"8":1,"9":1,"10":1,"11":1,"12":1,"13":1,"14":1,"15":1,"16":1,"17":1,"18":1,"19":1,"20":1,"21":0,"22":0,"23":0,"24":0,"25":0,"26":1,"27":0,"28":0,"29":0,"30":0,"31":0,"32":0,"33":1,"34":0,"35":0,"36":0,"37":0,"38":0,"39":0,"40":0,"41":0,"42":0,"43":0,"44":0,"45":0,"46":0,"47":0,"48":0,"49":0,"50":0,"51":0,"52":1,"53":0,"54":0,"55":1,"56":0,"57":0,"58":0,"59":1,"60":0,"61":0,"62":0,"63":0,"64":0,"65":0,"66":0,"67":1,"68":0,"69":0,"70":0,"71":0,"72":0,"73":0,"74":0,"75":1,"76":0,"77":0,"78":0,"79":0,"80":0,"81":0,"82":0,"83":0,"84":1,"85":1,"86":0,"87":0,"88":0,"89":0,"90":0,"91":0,"92":0,"93":0,"94":0,"95":0,"96":0,"97":0,"98":0,"99":0,"100":0,"101":0,"102":0,"103":1,"104":0,"105":0,"106":1,"107":0,"108":0,"109":0,"110":0,"111":0,"112":0,"113":0,"114":0,"115":0,"116":0,"117":0,"118":0,"119":0,"120":0,"121":0,"122":0,"123":0,"124":0,"125":0,"126":0,"127":0,"128":1,"129":0,"130":0,"131":0,"132":0,"133":1,"134":1},"b":{"1":[1,0],"2":[0,0],"3":[0,0],"4":[0,0],"5":[0,0],"6":[0,0],"7":[0,0],"8":[0,0],"9":[0,0],"10":[0,0],"11":[0,0],"12":[0,0],"13":[0,0],"14":[0,0],"15":[0,0],"16":[0,0],"17":[0,0],"18":[0,0],"19":[0,0],"20":[0,0],"21":[0,0],"22":[0,0],"23":[0,0],"24":[0,0],"25":[0,0],"26":[0,0],"27":[0,0],"28":[0,0],"29":[0,0],"30":[0,0],"31":[0,0],"32":[0,0],"33":[0,0],"34":[0,0],"35":[0,0],"36":[0,0],"37":[0,0],"38":[0,0],"39":[0,0],"40":[0,0],"41":[0,0],"42":[0,0],"43":[0,0],"44":[0,0],"45":[0,0],"46":[0,0],"47":[0,0],"48":[0,0],"49":[0,0],"50":[0,0],"51":[0,0],"52":[0,0],"53":[0,0],"54":[0,0,0],"55":[0,0],"56":[0,0],"57":[0,0],"58":[0,0],"59":[0,0],"60":[0,0],"61":[0,0],"62":[0,0],"63":[0,0],"64":[0,0],"65":[0,0],"66":[0,0],"67":[0,0],"68":[0,0],"69":[0,0],"70":[0,0],"71":[0,0],"72":[0,0],"73":[0,0],"74":[0,0],"75":[0,0],"76":[0,0],"77":[0,0],"78":[0,0],"79":[0,0],"80":[0,0],"81":[0,0],"82":[0,0],"83":[0,0],"84":[0,0],"85":[0,0],"86":[0,0]},"f":{"1":1,"2":1,"3":1,"4":1,"5":0,"6":0,"7":0,"8":0,"9":0,"10":0,"11":0,"12":0,"13":0,"14":0,"15":0,"16":0,"17":0},"fnMap":{"1":{"name":"(anonymous_1)","line":1,"loc":{"start":{"line":1,"column":1},"end":{"line":1,"column":12}}},"2":{"name":"(anonymous_2)","line":4,"loc":{"start":{"line":4,"column":16},"end":{"line":4,"column":40}}},"3":{"name":"ctor","line":4,"loc":{"start":{"line":4,"column":129},"end":{"line":4,"column":145}}},"4":{"name":"(anonymous_4)","line":16,"loc":{"start":{"line":16,"column":15},"end":{"line":16,"column":32}}},"5":{"name":"UpsClient","line":21,"loc":{"start":{"line":21,"column":4},"end":{"line":21,"column":38}}},"6":{"name":"(anonymous_6)","line":33,"loc":{"start":{"line":33,"column":42},"end":{"line":33,"column":67}}},"7":{"name":"(anonymous_7)","line":60,"loc":{"start":{"line":60,"column":43},"end":{"line":60,"column":66}}},"8":{"name":"(anonymous_8)","line":62,"loc":{"start":{"line":62,"column":23},"end":{"line":62,"column":53}}},"9":{"name":"(anonymous_9)","line":87,"loc":{"start":{"line":87,"column":33},"end":{"line":87,"column":52}}},"10":{"name":"(anonymous_10)","line":92,"loc":{"start":{"line":92,"column":37},"end":{"line":92,"column":56}}},"11":{"name":"(anonymous_11)","line":99,"loc":{"start":{"line":99,"column":36},"end":{"line":99,"column":55}}},"12":{"name":"(anonymous_12)","line":111,"loc":{"start":{"line":111,"column":43},"end":{"line":111,"column":76}}},"13":{"name":"(anonymous_13)","line":123,"loc":{"start":{"line":123,"column":41},"end":{"line":123,"column":62}}},"14":{"name":"(anonymous_14)","line":146,"loc":{"start":{"line":146,"column":40},"end":{"line":146,"column":57}}},"15":{"name":"(anonymous_15)","line":178,"loc":{"start":{"line":178,"column":41},"end":{"line":178,"column":60}}},"16":{"name":"(anonymous_16)","line":183,"loc":{"start":{"line":183,"column":49},"end":{"line":183,"column":68}}},"17":{"name":"(anonymous_17)","line":218,"loc":{"start":{"line":218,"column":41},"end":{"line":218,"column":56}}}},"statementMap":{"1":{"start":{"line":1,"column":0},"end":{"line":237,"column":14}},"2":{"start":{"line":2,"column":2},"end":{"line":4,"column":292}},"3":{"start":{"line":4,"column":42},"end":{"line":4,"column":128}},"4":{"start":{"line":4,"column":68},"end":{"line":4,"column":126}},"5":{"start":{"line":4,"column":101},"end":{"line":4,"column":126}},"6":{"start":{"line":4,"column":129},"end":{"line":4,"column":174}},"7":{"start":{"line":4,"column":147},"end":{"line":4,"column":172}},"8":{"start":{"line":4,"column":175},"end":{"line":4,"column":209}},"9":{"start":{"line":4,"column":210},"end":{"line":4,"column":239}},"10":{"start":{"line":4,"column":240},"end":{"line":4,"column":275}},"11":{"start":{"line":4,"column":276},"end":{"line":4,"column":289}},"12":{"start":{"line":6,"column":2},"end":{"line":6,"column":73}},"13":{"start":{"line":8,"column":2},"end":{"line":8,"column":31}},"14":{"start":{"line":10,"column":2},"end":{"line":10,"column":38}},"15":{"start":{"line":12,"column":2},"end":{"line":12,"column":130}},"16":{"start":{"line":14,"column":2},"end":{"line":14,"column":53}},"17":{"start":{"line":16,"column":2},"end":{"line":231,"column":20}},"18":{"start":{"line":17,"column":4},"end":{"line":17,"column":19}},"19":{"start":{"line":19,"column":4},"end":{"line":19,"column":33}},"20":{"start":{"line":21,"column":4},"end":{"line":31,"column":5}},"21":{"start":{"line":22,"column":6},"end":{"line":22,"column":104}},"22":{"start":{"line":23,"column":6},"end":{"line":23,"column":29}},"23":{"start":{"line":24,"column":6},"end":{"line":24,"column":61}},"24":{"start":{"line":25,"column":6},"end":{"line":25,"column":33}},"25":{"start":{"line":26,"column":6},"end":{"line":30,"column":9}},"26":{"start":{"line":33,"column":4},"end":{"line":58,"column":6}},"27":{"start":{"line":34,"column":6},"end":{"line":34,"column":38}},"28":{"start":{"line":35,"column":6},"end":{"line":37,"column":7}},"29":{"start":{"line":36,"column":8},"end":{"line":36,"column":26}},"30":{"start":{"line":38,"column":6},"end":{"line":44,"column":9}},"31":{"start":{"line":45,"column":6},"end":{"line":56,"column":9}},"32":{"start":{"line":57,"column":6},"end":{"line":57,"column":47}},"33":{"start":{"line":60,"column":4},"end":{"line":85,"column":6}},"34":{"start":{"line":61,"column":6},"end":{"line":61,"column":25}},"35":{"start":{"line":62,"column":6},"end":{"line":82,"column":8}},"36":{"start":{"line":63,"column":8},"end":{"line":63,"column":134}},"37":{"start":{"line":64,"column":8},"end":{"line":66,"column":9}},"38":{"start":{"line":65,"column":10},"end":{"line":65,"column":28}},"39":{"start":{"line":67,"column":8},"end":{"line":67,"column":241}},"40":{"start":{"line":68,"column":8},"end":{"line":77,"column":9}},"41":{"start":{"line":69,"column":10},"end":{"line":69,"column":311}},"42":{"start":{"line":70,"column":10},"end":{"line":70,"column":46}},"43":{"start":{"line":71,"column":10},"end":{"line":71,"column":26}},"44":{"start":{"line":73,"column":10},"end":{"line":73,"column":102}},"45":{"start":{"line":74,"column":10},"end":{"line":76,"column":11}},"46":{"start":{"line":75,"column":12},"end":{"line":75,"column":47}},"47":{"start":{"line":78,"column":8},"end":{"line":80,"column":9}},"48":{"start":{"line":79,"column":10},"end":{"line":79,"column":30}},"49":{"start":{"line":81,"column":8},"end":{"line":81,"column":34}},"50":{"start":{"line":83,"column":6},"end":{"line":83,"column":26}},"51":{"start":{"line":84,"column":6},"end":{"line":84,"column":63}},"52":{"start":{"line":87,"column":4},"end":{"line":90,"column":6}},"53":{"start":{"line":88,"column":6},"end":{"line":88,"column":37}},"54":{"start":{"line":89,"column":6},"end":{"line":89,"column":273}},"55":{"start":{"line":92,"column":4},"end":{"line":97,"column":6}},"56":{"start":{"line":93,"column":6},"end":{"line":93,"column":39}},"57":{"start":{"line":94,"column":6},"end":{"line":96,"column":7}},"58":{"start":{"line":95,"column":8},"end":{"line":95,"column":34}},"59":{"start":{"line":99,"column":4},"end":{"line":109,"column":6}},"60":{"start":{"line":100,"column":6},"end":{"line":100,"column":85}},"61":{"start":{"line":101,"column":6},"end":{"line":101,"column":20}},"62":{"start":{"line":102,"column":6},"end":{"line":107,"column":7}},"63":{"start":{"line":103,"column":8},"end":{"line":103,"column":76}},"64":{"start":{"line":104,"column":8},"end":{"line":106,"column":9}},"65":{"start":{"line":105,"column":10},"end":{"line":105,"column":45}},"66":{"start":{"line":108,"column":6},"end":{"line":108,"column":20}},"67":{"start":{"line":111,"column":4},"end":{"line":121,"column":6}},"68":{"start":{"line":112,"column":6},"end":{"line":112,"column":21}},"69":{"start":{"line":113,"column":6},"end":{"line":115,"column":7}},"70":{"start":{"line":114,"column":8},"end":{"line":114,"column":15}},"71":{"start":{"line":116,"column":6},"end":{"line":118,"column":7}},"72":{"start":{"line":117,"column":8},"end":{"line":117,"column":32}},"73":{"start":{"line":119,"column":6},"end":{"line":119,"column":40}},"74":{"start":{"line":120,"column":6},"end":{"line":120,"column":88}},"75":{"start":{"line":123,"column":4},"end":{"line":138,"column":6}},"76":{"start":{"line":124,"column":6},"end":{"line":124,"column":79}},"77":{"start":{"line":125,"column":6},"end":{"line":127,"column":7}},"78":{"start":{"line":126,"column":8},"end":{"line":126,"column":15}},"79":{"start":{"line":128,"column":6},"end":{"line":128,"column":70}},"80":{"start":{"line":129,"column":6},"end":{"line":129,"column":88}},"81":{"start":{"line":130,"column":6},"end":{"line":130,"column":84}},"82":{"start":{"line":131,"column":6},"end":{"line":131,"column":82}},"83":{"start":{"line":132,"column":6},"end":{"line":137,"column":9}},"84":{"start":{"line":140,"column":4},"end":{"line":144,"column":6}},"85":{"start":{"line":146,"column":4},"end":{"line":176,"column":6}},"86":{"start":{"line":147,"column":6},"end":{"line":147,"column":75}},"87":{"start":{"line":148,"column":6},"end":{"line":150,"column":7}},"88":{"start":{"line":149,"column":8},"end":{"line":149,"column":50}},"89":{"start":{"line":151,"column":6},"end":{"line":151,"column":159}},"90":{"start":{"line":152,"column":6},"end":{"line":152,"column":159}},"91":{"start":{"line":153,"column":6},"end":{"line":155,"column":7}},"92":{"start":{"line":154,"column":8},"end":{"line":154,"column":38}},"93":{"start":{"line":156,"column":6},"end":{"line":175,"column":7}},"94":{"start":{"line":158,"column":10},"end":{"line":163,"column":11}},"95":{"start":{"line":160,"column":14},"end":{"line":160,"column":65}},"96":{"start":{"line":162,"column":14},"end":{"line":162,"column":57}},"97":{"start":{"line":164,"column":10},"end":{"line":164,"column":16}},"98":{"start":{"line":166,"column":10},"end":{"line":171,"column":11}},"99":{"start":{"line":168,"column":14},"end":{"line":168,"column":57}},"100":{"start":{"line":170,"column":14},"end":{"line":170,"column":56}},"101":{"start":{"line":172,"column":10},"end":{"line":172,"column":16}},"102":{"start":{"line":174,"column":10},"end":{"line":174,"column":52}},"103":{"start":{"line":178,"column":4},"end":{"line":181,"column":6}},"104":{"start":{"line":179,"column":6},"end":{"line":179,"column":30}},"105":{"start":{"line":180,"column":6},"end":{"line":180,"column":175}},"106":{"start":{"line":183,"column":4},"end":{"line":216,"column":6}},"107":{"start":{"line":184,"column":6},"end":{"line":184,"column":282}},"108":{"start":{"line":185,"column":6},"end":{"line":185,"column":22}},"109":{"start":{"line":186,"column":6},"end":{"line":186,"column":20}},"110":{"start":{"line":187,"column":6},"end":{"line":187,"column":155}},"111":{"start":{"line":188,"column":6},"end":{"line":188,"column":34}},"112":{"start":{"line":189,"column":6},"end":{"line":211,"column":7}},"113":{"start":{"line":190,"column":8},"end":{"line":190,"column":32}},"114":{"start":{"line":191,"column":8},"end":{"line":191,"column":194}},"115":{"start":{"line":192,"column":8},"end":{"line":192,"column":160}},"116":{"start":{"line":193,"column":8},"end":{"line":193,"column":83}},"117":{"start":{"line":194,"column":8},"end":{"line":194,"column":205}},"118":{"start":{"line":195,"column":8},"end":{"line":207,"column":9}},"119":{"start":{"line":196,"column":10},"end":{"line":196,"column":55}},"120":{"start":{"line":197,"column":10},"end":{"line":201,"column":12}},"121":{"start":{"line":202,"column":10},"end":{"line":205,"column":11}},"122":{"start":{"line":203,"column":12},"end":{"line":203,"column":183}},"123":{"start":{"line":204,"column":12},"end":{"line":204,"column":183}},"124":{"start":{"line":206,"column":10},"end":{"line":206,"column":36}},"125":{"start":{"line":208,"column":8},"end":{"line":210,"column":9}},"126":{"start":{"line":209,"column":10},"end":{"line":209,"column":101}},"127":{"start":{"line":212,"column":6},"end":{"line":215,"column":8}},"128":{"start":{"line":218,"column":4},"end":{"line":227,"column":6}},"129":{"start":{"line":219,"column":6},"end":{"line":219,"column":52}},"130":{"start":{"line":220,"column":6},"end":{"line":220,"column":89}},"131":{"start":{"line":221,"column":6},"end":{"line":221,"column":57}},"132":{"start":{"line":222,"column":6},"end":{"line":226,"column":8}},"133":{"start":{"line":229,"column":4},"end":{"line":229,"column":21}},"134":{"start":{"line":233,"column":2},"end":{"line":235,"column":4}}},"branchMap":{"1":{"line":4,"type":"if","locations":[{"start":{"line":4,"column":68},"end":{"line":4,"column":68}},{"start":{"line":4,"column":68},"end":{"line":4,"column":68}}]},"2":{"line":35,"type":"if","locations":[{"start":{"line":35,"column":6},"end":{"line":35,"column":6}},{"start":{"line":35,"column":6},"end":{"line":35,"column":6}}]},"3":{"line":64,"type":"if","locations":[{"start":{"line":64,"column":8},"end":{"line":64,"column":8}},{"start":{"line":64,"column":8},"end":{"line":64,"column":8}}]},"4":{"line":64,"type":"binary-expr","locations":[{"start":{"line":64,"column":13},"end":{"line":64,"column":27}},{"start":{"line":64,"column":33},"end":{"line":64,"column":52}}]},"5":{"line":67,"type":"cond-expr","locations":[{"start":{"line":67,"column":74},"end":{"line":67,"column":231}},{"start":{"line":67,"column":234},"end":{"line":67,"column":240}}]},"6":{"line":67,"type":"cond-expr","locations":[{"start":{"line":67,"column":112},"end":{"line":67,"column":222}},{"start":{"line":67,"column":225},"end":{"line":67,"column":231}}]},"7":{"line":67,"type":"cond-expr","locations":[{"start":{"line":67,"column":141},"end":{"line":67,"column":213}},{"start":{"line":67,"column":216},"end":{"line":67,"column":222}}]},"8":{"line":67,"type":"cond-expr","locations":[{"start":{"line":67,"column":196},"end":{"line":67,"column":204}},{"start":{"line":67,"column":207},"end":{"line":67,"column":213}}]},"9":{"line":68,"type":"if","locations":[{"start":{"line":68,"column":8},"end":{"line":68,"column":8}},{"start":{"line":68,"column":8},"end":{"line":68,"column":8}}]},"10":{"line":69,"type":"cond-expr","locations":[{"start":{"line":69,"column":67},"end":{"line":69,"column":301}},{"start":{"line":69,"column":304},"end":{"line":69,"column":310}}]},"11":{"line":69,"type":"cond-expr","locations":[{"start":{"line":69,"column":105},"end":{"line":69,"column":292}},{"start":{"line":69,"column":295},"end":{"line":69,"column":301}}]},"12":{"line":69,"type":"cond-expr","locations":[{"start":{"line":69,"column":134},"end":{"line":69,"column":283}},{"start":{"line":69,"column":286},"end":{"line":69,"column":292}}]},"13":{"line":69,"type":"cond-expr","locations":[{"start":{"line":69,"column":169},"end":{"line":69,"column":274}},{"start":{"line":69,"column":277},"end":{"line":69,"column":283}}]},"14":{"line":69,"type":"cond-expr","locations":[{"start":{"line":69,"column":199},"end":{"line":69,"column":265}},{"start":{"line":69,"column":268},"end":{"line":69,"column":274}}]},"15":{"line":69,"type":"cond-expr","locations":[{"start":{"line":69,"column":247},"end":{"line":69,"column":256}},{"start":{"line":69,"column":259},"end":{"line":69,"column":265}}]},"16":{"line":70,"type":"binary-expr","locations":[{"start":{"line":70,"column":21},"end":{"line":70,"column":26}},{"start":{"line":70,"column":30},"end":{"line":70,"column":45}}]},"17":{"line":73,"type":"cond-expr","locations":[{"start":{"line":73,"column":83},"end":{"line":73,"column":92}},{"start":{"line":73,"column":95},"end":{"line":73,"column":101}}]},"18":{"line":74,"type":"if","locations":[{"start":{"line":74,"column":10},"end":{"line":74,"column":10}},{"start":{"line":74,"column":10},"end":{"line":74,"column":10}}]},"19":{"line":78,"type":"if","locations":[{"start":{"line":78,"column":8},"end":{"line":78,"column":8}},{"start":{"line":78,"column":8},"end":{"line":78,"column":8}}]},"20":{"line":89,"type":"binary-expr","locations":[{"start":{"line":89,"column":36},"end":{"line":89,"column":193}},{"start":{"line":89,"column":199},"end":{"line":89,"column":270}}]},"21":{"line":89,"type":"cond-expr","locations":[{"start":{"line":89,"column":76},"end":{"line":89,"column":184}},{"start":{"line":89,"column":187},"end":{"line":89,"column":193}}]},"22":{"line":89,"type":"cond-expr","locations":[{"start":{"line":89,"column":105},"end":{"line":89,"column":175}},{"start":{"line":89,"column":178},"end":{"line":89,"column":184}}]},"23":{"line":89,"type":"cond-expr","locations":[{"start":{"line":89,"column":158},"end":{"line":89,"column":166}},{"start":{"line":89,"column":169},"end":{"line":89,"column":175}}]},"24":{"line":89,"type":"cond-expr","locations":[{"start":{"line":89,"column":253},"end":{"line":89,"column":261}},{"start":{"line":89,"column":264},"end":{"line":89,"column":270}}]},"25":{"line":94,"type":"if","locations":[{"start":{"line":94,"column":6},"end":{"line":94,"column":6}},{"start":{"line":94,"column":6},"end":{"line":94,"column":6}}]},"26":{"line":94,"type":"cond-expr","locations":[{"start":{"line":94,"column":60},"end":{"line":94,"column":156}},{"start":{"line":94,"column":159},"end":{"line":94,"column":165}}]},"27":{"line":94,"type":"cond-expr","locations":[{"start":{"line":94,"column":89},"end":{"line":94,"column":147}},{"start":{"line":94,"column":150},"end":{"line":94,"column":156}}]},"28":{"line":94,"type":"cond-expr","locations":[{"start":{"line":94,"column":130},"end":{"line":94,"column":138}},{"start":{"line":94,"column":141},"end":{"line":94,"column":147}}]},"29":{"line":102,"type":"if","locations":[{"start":{"line":102,"column":6},"end":{"line":102,"column":6}},{"start":{"line":102,"column":6},"end":{"line":102,"column":6}}]},"30":{"line":102,"type":"cond-expr","locations":[{"start":{"line":102,"column":63},"end":{"line":102,"column":161}},{"start":{"line":102,"column":164},"end":{"line":102,"column":170}}]},"31":{"line":102,"type":"cond-expr","locations":[{"start":{"line":102,"column":92},"end":{"line":102,"column":152}},{"start":{"line":102,"column":155},"end":{"line":102,"column":161}}]},"32":{"line":102,"type":"cond-expr","locations":[{"start":{"line":102,"column":135},"end":{"line":102,"column":143}},{"start":{"line":102,"column":146},"end":{"line":102,"column":152}}]},"33":{"line":103,"type":"cond-expr","locations":[{"start":{"line":103,"column":58},"end":{"line":103,"column":66}},{"start":{"line":103,"column":69},"end":{"line":103,"column":75}}]},"34":{"line":104,"type":"if","locations":[{"start":{"line":104,"column":8},"end":{"line":104,"column":8}},{"start":{"line":104,"column":8},"end":{"line":104,"column":8}}]},"35":{"line":104,"type":"binary-expr","locations":[{"start":{"line":104,"column":13},"end":{"line":104,"column":27}},{"start":{"line":104,"column":33},"end":{"line":104,"column":191}}]},"36":{"line":104,"type":"cond-expr","locations":[{"start":{"line":104,"column":93},"end":{"line":104,"column":182}},{"start":{"line":104,"column":185},"end":{"line":104,"column":191}}]},"37":{"line":104,"type":"cond-expr","locations":[{"start":{"line":104,"column":122},"end":{"line":104,"column":173}},{"start":{"line":104,"column":176},"end":{"line":104,"column":182}}]},"38":{"line":104,"type":"cond-expr","locations":[{"start":{"line":104,"column":156},"end":{"line":104,"column":164}},{"start":{"line":104,"column":167},"end":{"line":104,"column":173}}]},"39":{"line":113,"type":"if","locations":[{"start":{"line":113,"column":6},"end":{"line":113,"column":6}},{"start":{"line":113,"column":6},"end":{"line":113,"column":6}}]},"40":{"line":116,"type":"if","locations":[{"start":{"line":116,"column":6},"end":{"line":116,"column":6}},{"start":{"line":116,"column":6},"end":{"line":116,"column":6}}]},"41":{"line":125,"type":"if","locations":[{"start":{"line":125,"column":6},"end":{"line":125,"column":6}},{"start":{"line":125,"column":6},"end":{"line":125,"column":6}}]},"42":{"line":128,"type":"cond-expr","locations":[{"start":{"line":128,"column":52},"end":{"line":128,"column":60}},{"start":{"line":128,"column":63},"end":{"line":128,"column":69}}]},"43":{"line":129,"type":"cond-expr","locations":[{"start":{"line":129,"column":70},"end":{"line":129,"column":78}},{"start":{"line":129,"column":81},"end":{"line":129,"column":87}}]},"44":{"line":130,"type":"cond-expr","locations":[{"start":{"line":130,"column":66},"end":{"line":130,"column":74}},{"start":{"line":130,"column":77},"end":{"line":130,"column":83}}]},"45":{"line":131,"type":"cond-expr","locations":[{"start":{"line":131,"column":64},"end":{"line":131,"column":72}},{"start":{"line":131,"column":75},"end":{"line":131,"column":81}}]},"46":{"line":148,"type":"if","locations":[{"start":{"line":148,"column":6},"end":{"line":148,"column":6}},{"start":{"line":148,"column":6},"end":{"line":148,"column":6}}]},"47":{"line":151,"type":"cond-expr","locations":[{"start":{"line":151,"column":60},"end":{"line":151,"column":149}},{"start":{"line":151,"column":152},"end":{"line":151,"column":158}}]},"48":{"line":151,"type":"cond-expr","locations":[{"start":{"line":151,"column":89},"end":{"line":151,"column":140}},{"start":{"line":151,"column":143},"end":{"line":151,"column":149}}]},"49":{"line":151,"type":"cond-expr","locations":[{"start":{"line":151,"column":123},"end":{"line":151,"column":131}},{"start":{"line":151,"column":134},"end":{"line":151,"column":140}}]},"50":{"line":152,"type":"cond-expr","locations":[{"start":{"line":152,"column":60},"end":{"line":152,"column":149}},{"start":{"line":152,"column":152},"end":{"line":152,"column":158}}]},"51":{"line":152,"type":"cond-expr","locations":[{"start":{"line":152,"column":89},"end":{"line":152,"column":140}},{"start":{"line":152,"column":143},"end":{"line":152,"column":149}}]},"52":{"line":152,"type":"cond-expr","locations":[{"start":{"line":152,"column":123},"end":{"line":152,"column":131}},{"start":{"line":152,"column":134},"end":{"line":152,"column":140}}]},"53":{"line":153,"type":"if","locations":[{"start":{"line":153,"column":6},"end":{"line":153,"column":6}},{"start":{"line":153,"column":6},"end":{"line":153,"column":6}}]},"54":{"line":156,"type":"switch","locations":[{"start":{"line":157,"column":8},"end":{"line":164,"column":16}},{"start":{"line":165,"column":8},"end":{"line":172,"column":16}},{"start":{"line":173,"column":8},"end":{"line":174,"column":52}}]},"55":{"line":158,"type":"switch","locations":[{"start":{"line":159,"column":12},"end":{"line":160,"column":65}},{"start":{"line":161,"column":12},"end":{"line":162,"column":57}}]},"56":{"line":166,"type":"switch","locations":[{"start":{"line":167,"column":12},"end":{"line":168,"column":57}},{"start":{"line":169,"column":12},"end":{"line":170,"column":56}}]},"57":{"line":180,"type":"cond-expr","locations":[{"start":{"line":180,"column":72},"end":{"line":180,"column":164}},{"start":{"line":180,"column":167},"end":{"line":180,"column":173}}]},"58":{"line":180,"type":"cond-expr","locations":[{"start":{"line":180,"column":101},"end":{"line":180,"column":155}},{"start":{"line":180,"column":158},"end":{"line":180,"column":164}}]},"59":{"line":180,"type":"cond-expr","locations":[{"start":{"line":180,"column":138},"end":{"line":180,"column":146}},{"start":{"line":180,"column":149},"end":{"line":180,"column":155}}]},"60":{"line":187,"type":"cond-expr","locations":[{"start":{"line":187,"column":41},"end":{"line":187,"column":145}},{"start":{"line":187,"column":148},"end":{"line":187,"column":154}}]},"61":{"line":187,"type":"cond-expr","locations":[{"start":{"line":187,"column":81},"end":{"line":187,"column":136}},{"start":{"line":187,"column":139},"end":{"line":187,"column":145}}]},"62":{"line":187,"type":"cond-expr","locations":[{"start":{"line":187,"column":110},"end":{"line":187,"column":127}},{"start":{"line":187,"column":130},"end":{"line":187,"column":136}}]},"63":{"line":188,"type":"binary-expr","locations":[{"start":{"line":188,"column":14},"end":{"line":188,"column":27}},{"start":{"line":188,"column":31},"end":{"line":188,"column":33}}]},"64":{"line":191,"type":"cond-expr","locations":[{"start":{"line":191,"column":91},"end":{"line":191,"column":183}},{"start":{"line":191,"column":186},"end":{"line":191,"column":192}}]},"65":{"line":191,"type":"cond-expr","locations":[{"start":{"line":191,"column":120},"end":{"line":191,"column":174}},{"start":{"line":191,"column":177},"end":{"line":191,"column":183}}]},"66":{"line":191,"type":"cond-expr","locations":[{"start":{"line":191,"column":157},"end":{"line":191,"column":165}},{"start":{"line":191,"column":168},"end":{"line":191,"column":174}}]},"67":{"line":192,"type":"cond-expr","locations":[{"start":{"line":192,"column":82},"end":{"line":192,"column":90}},{"start":{"line":192,"column":93},"end":{"line":192,"column":99}}]},"68":{"line":192,"type":"cond-expr","locations":[{"start":{"line":192,"column":141},"end":{"line":192,"column":149}},{"start":{"line":192,"column":152},"end":{"line":192,"column":158}}]},"69":{"line":193,"type":"cond-expr","locations":[{"start":{"line":193,"column":64},"end":{"line":193,"column":73}},{"start":{"line":193,"column":76},"end":{"line":193,"column":82}}]},"70":{"line":194,"type":"cond-expr","locations":[{"start":{"line":194,"column":39},"end":{"line":194,"column":195}},{"start":{"line":194,"column":198},"end":{"line":194,"column":204}}]},"71":{"line":194,"type":"cond-expr","locations":[{"start":{"line":194,"column":85},"end":{"line":194,"column":186}},{"start":{"line":194,"column":189},"end":{"line":194,"column":195}}]},"72":{"line":194,"type":"cond-expr","locations":[{"start":{"line":194,"column":116},"end":{"line":194,"column":177}},{"start":{"line":194,"column":180},"end":{"line":194,"column":186}}]},"73":{"line":194,"type":"cond-expr","locations":[{"start":{"line":194,"column":159},"end":{"line":194,"column":168}},{"start":{"line":194,"column":171},"end":{"line":194,"column":177}}]},"74":{"line":195,"type":"if","locations":[{"start":{"line":195,"column":8},"end":{"line":195,"column":8}},{"start":{"line":195,"column":8},"end":{"line":195,"column":8}}]},"75":{"line":195,"type":"binary-expr","locations":[{"start":{"line":195,"column":13},"end":{"line":195,"column":28}},{"start":{"li
[...]
},"113":{"start":{"line":313,"column":6},"end":{"line":323,"column":7}},"114":{"start":{"line":314,"column":8},"end":{"line":320,"column":9}},"115":{"start":{"line":315,"column":10},"end":{"line":315,"column":64}},"116":{"start":{"line":316,"column":10},"end":{"line":318,"column":11}},"117":{"start":{"line":317,"column":12},"end":{"line":317,"column":34}},"118":{"start":{"line":319,"column":10},"end":{"line":319,"column":23}},"119":{"start":{"line":321,"column":8},"end":{"line":321,"column":30}},"120":{"start":{"line":322,"column":8},"end":{"line":322,"column":20}},"121":{"start":{"line":324,"column":6},"end":{"line":324,"column":18}},"122":{"start":{"line":326,"column":4},"end":{"line":326,"column":26}}},"branchMap":{"1":{"line":17,"type":"if","locations":[{"start":{"line":17,"column":6},"end":{"line":17,"column":6}},{"start":{"line":17,"column":6},"end":{"line":17,"column":6}}]},"2":{"line":17,"type":"binary-expr","locations":[{"start":{"line":17,"column":10},"end":{"line":17,"column":26}},{"start":{"line":17,"column":30},"end":{"line":17,"column":46}}]},"3":{"line":22,"type":"if","locations":[{"start":{"line":22,"column":6},"end":{"line":22,"column":6}},{"start":{"line":22,"column":6},"end":{"line":22,"column":6}}]},"4":{"line":27,"type":"cond-expr","locations":[{"start":{"line":27,"column":32},"end":{"line":27,"column":45}},{"start":{"line":27,"column":48},"end":{"line":27,"column":49}}]},"5":{"line":28,"type":"if","locations":[{"start":{"line":28,"column":4},"end":{"line":28,"column":4}},{"start":{"line":28,"column":4},"end":{"line":28,"column":4}}]},"6":{"line":38,"type":"cond-expr","locations":[{"start":{"line":38,"column":60},"end":{"line":38,"column":70}},{"start":{"line":38,"column":73},"end":{"line":38,"column":83}}]},"7":{"line":38,"type":"cond-expr","locations":[{"start":{"line":38,"column":105},"end":{"line":38,"column":109}},{"start":{"line":38,"column":112},"end":{"line":38,"column":116}}]},"8":{"line":40,"type":"cond-expr","locations":[{"start":{"line":40,"column":47},"end":{"line":40,"column":48}},{"start":{"line":40,"column":51},"end":{"line":40,"column":59}}]},"9":{"line":42,"type":"if","locations":[{"start":{"line":42,"column":4},"end":{"line":42,"column":4}},{"start":{"line":42,"column":4},"end":{"line":42,"column":4}}]},"10":{"line":44,"type":"if","locations":[{"start":{"line":44,"column":6},"end":{"line":44,"column":6}},{"start":{"line":44,"column":6},"end":{"line":44,"column":6}}]},"11":{"line":48,"type":"if","locations":[{"start":{"line":48,"column":4},"end":{"line":48,"column":4}},{"start":{"line":48,"column":4},"end":{"line":48,"column":4}}]},"12":{"line":50,"type":"if","locations":[{"start":{"line":50,"column":6},"end":{"line":50,"column":6}},{"start":{"line":50,"column":6},"end":{"line":50,"column":6}}]},"13":{"line":62,"type":"if","locations":[{"start":{"line":62,"column":4},"end":{"line":62,"column":4}},{"start":{"line":62,"column":4},"end":{"line":62,"column":4}}]},"14":{"line":69,"type":"if","locations":[{"start":{"line":69,"column":4},"end":{"line":69,"column":4}},{"start":{"line":69,"column":4},"end":{"line":69,"column":4}}]},"15":{"line":76,"type":"if","locations":[{"start":{"line":76,"column":4},"end":{"line":76,"column":4}},{"start":{"line":76,"column":4},"end":{"line":76,"column":4}}]},"16":{"line":83,"type":"if","locations":[{"start":{"line":83,"column":4},"end":{"line":83,"column":4}},{"start":{"line":83,"column":4},"end":{"line":83,"column":4}}]},"17":{"line":90,"type":"if","locations":[{"start":{"line":90,"column":4},"end":{"line":90,"column":4}},{"start":{"line":90,"column":4},"end":{"line":90,"column":4}}]},"18":{"line":98,"type":"if","locations":[{"start":{"line":98,"column":4},"end":{"line":98,"column":4}},{"start":{"line":98,"column":4},"end":{"line":98,"column":4}}]},"19":{"line":102,"type":"if","locations":[{"start":{"line":102,"column":6},"end":{"line":102,"column":6}},{"start":{"line":102,"column":6},"end":{"line":102,"column":6}}]},"20":{"line":110,"type":"if","locations":[{"start":{"line":110,"column":4},"end":{"line":110,"column":4}},{"start":{"line":110,"column":4},"end":{"line":110,"column":4}}]},"21":{"line":117,"type":"if","locations":[{"start":{"line":117,"column":4},"end":{"line":117,"column":4}},{"start":{"line":117,"column":4},"end":{"line":117,"column":4}}]},"22":{"line":120,"type":"if","locations":[{"start":{"line":120,"column":4},"end":{"line":120,"column":4}},{"start":{"line":120,"column":4},"end":{"line":120,"column":4}}]},"23":{"line":127,"type":"if","locations":[{"start":{"line":127,"column":4},"end":{"line":127,"column":4}},{"start":{"line":127,"column":4},"end":{"line":127,"column":4}}]},"24":{"line":134,"type":"if","locations":[{"start":{"line":134,"column":4},"end":{"line":134,"column":4}},{"start":{"line":134,"column":4},"end":{"line":134,"column":4}}]},"25":{"line":141,"type":"if","locations":[{"start":{"line":141,"column":4},"end":{"line":141,"column":4}},{"start":{"line":141,"column":4},"end":{"line":141,"column":4}}]},"26":{"line":148,"type":"if","locations":[{"start":{"line":148,"column":4},"end":{"line":148,"column":4}},{"start":{"line":148,"column":4},"end":{"line":148,"column":4}}]},"27":{"line":151,"type":"if","locations":[{"start":{"line":151,"column":6},"end":{"line":151,"column":6}},{"start":{"line":151,"column":6},"end":{"line":151,"column":6}}]},"28":{"line":159,"type":"if","locations":[{"start":{"line":159,"column":4},"end":{"line":159,"column":4}},{"start":{"line":159,"column":4},"end":{"line":159,"column":4}}]},"29":{"line":166,"type":"if","locations":[{"start":{"line":166,"column":4},"end":{"line":166,"column":4}},{"start":{"line":166,"column":4},"end":{"line":166,"column":4}}]},"30":{"line":166,"type":"binary-expr","locations":[{"start":{"line":166,"column":9},"end":{"line":166,"column":25}},{"start":{"line":166,"column":31},"end":{"line":166,"column":48}}]},"31":{"line":313,"type":"if","locations":[{"start":{"line":313,"column":6},"end":{"line":313,"column":6}},{"start":{"line":313,"column":6},"end":{"line":313,"column":6}}]},"32":{"line":314,"type":"if","locations":[{"start":{"line":314,"column":8},"end":{"line":314,"column":8}},{"start":{"line":314,"column":8},"end":{"line":314,"column":8}}]},"33":{"line":316,"type":"if","locations":[{"start":{"line":316,"column":10},"end":{"line":316,"column":10}},{"start":{"line":316,"column":10},"end":{"line":316,"column":10}}]}},"code":["(function() {","  var CARRIERS, uniq, upperCase, _checkDigit, _confirmA1International, _confirmCanadaPost16, _confirmFedex12, _confirmFedex15, _confirmFedex20, _confirmFedex9622, _confirmFedexDoorTag, _confirmFedexSmartPost, _confirmUps, _confirmUpsFreight, _confirmUsps20, _confirmUsps22, _confirmUsps26, _confirmUsps420Zip, _confirmUsps420ZipPlus4, _preprocess;","","  upperCase = require('change-case').upperCase;","","  uniq = require('underscore').uniq;","","  _preprocess = function(trk) {","    return upperCase(trk.replace(/\\s+/g, ''));","  };","","  _confirmUps = function(trk) {","    var asciiValue, checkdigit, index, num, sum, _i;","    sum = 0;","    for (index = _i = 2; _i <= 16; index = ++_i) {","      asciiValue = trk[index].charCodeAt(0);","      if (asciiValue >= 48 && asciiValue <= 57) {","        num = parseInt(trk[index], 10);","      } else {","        num = (asciiValue - 63) % 10;","      }","      if (index % 2 !== 0) {","        num = num * 2;","      }","      sum += num;","    }","    checkdigit = sum % 10 > 0 ? 10 - sum % 10 : 0;","    if (checkdigit === parseInt(trk[17], 10)) {","      return [true, true];","    }","    return [false, false];","  };","","  _checkDigit = function(trk, multipliers, mod) {","    var checkdigit, index, midx, sum, _i, _ref;","    midx = 0;","    sum = 0;","    for (index = _i = 0, _ref = trk.length - 2; 0 <= _ref ? _i <= _ref : _i >= _ref; index = 0 <= _ref ? ++_i : --_i) {","      sum += parseInt(trk[index], 10) * multipliers[midx];","      midx = midx === multipliers.length - 1 ? 0 : midx + 1;","    }","    if (mod === 11) {","      checkdigit = sum % 11;","      if (checkdigit === 10) {","        checkdigit = 0;","      }","    }","    if (mod === 10) {","      checkdigit = 0;","      if ((sum % 10) > 0) {","        checkdigit = 10 - sum % 10;","      }","    }","    return checkdigit === parseInt(trk[trk.length - 1]);","  };","","  _confirmUpsFreight = function(trk) {","    var firstChar, remaining;","    firstChar = \"\" + ((trk.charCodeAt(0) - 63) % 10);","    remaining = trk.slice(1);","    trk = \"\" + firstChar + remaining;","    if (_checkDigit(trk, [3, 1, 7], 10)) {","      return [true, true];","    }","    return [false, false];","  };","","  _confirmFedex12 = function(trk) {","    if (_checkDigit(trk, [3, 1, 7], 11)) {","      return [true, false];","    }","    return [false, false];","  };","","  _confirmFedexDoorTag = function(trk) {","    if (_checkDigit(trk.match(/^DT(\\d{12})$/)[1], [3, 1, 7], 11)) {","      return [true, true];","    }","    return [false, false];","  };","","  _confirmFedexSmartPost = function(trk) {","    if (_checkDigit(\"91\" + trk, [3, 1], 10)) {","      return [true, false];","    }","    return [false, false];","  };","","  _confirmFedex15 = function(trk) {","    if (_checkDigit(trk, [1, 3], 10)) {","      return [true, false];","    }","    return [false, false];","  };","","  _confirmFedex20 = function(trk) {","    var alteredTrk;","    if (_checkDigit(trk, [3, 1, 7], 11)) {","      return [true, false];","    } else {","      alteredTrk = \"92\" + trk;","      if (_checkDigit(alteredTrk, [3, 1], 10)) {","        return [true, false];","      }","    }","    return [false, false];","  };","","  _confirmUsps20 = function(trk) {","    if (_checkDigit(trk, [3, 1], 10)) {","      return [true, false];","    }","    return [false, false];","  };","","  _confirmFedex9622 = function(trk) {","    if (_checkDigit(trk, [3, 1, 7], 11)) {","      return [true, false];","    }","    if (_checkDigit(trk.slice(7), [1, 3], 10)) {","      return [true, false];","    }","    return [false, false];","  };","","  _confirmUsps22 = function(trk) {","    if (_checkDigit(trk, [3, 1], 10)) {","      return [true, false];","    }","    return [false, false];","  };","","  _confirmUsps26 = function(trk) {","    if (_checkDigit(trk, [3, 1], 10)) {","      return [true, false];","    }","    return [false, false];","  };","","  _confirmUsps420Zip = function(trk) {","    if (_checkDigit(trk.match(/^420\\d{5}(\\d{22})$/)[1], [3, 1], 10)) {","      return [true, false];","    }","    return [false, false];","  };","","  _confirmUsps420ZipPlus4 = function(trk) {","    if (_checkDigit(trk.match(/^420\\d{9}(\\d{22})$/)[1], [3, 1], 10)) {","      return [true, false];","    } else {","      if (_checkDigit(trk.match(/^420\\d{5}(\\d{26})$/)[1], [3, 1], 10)) {","        return [true, false];","      }","    }","    return [false, false];","  };","","  _confirmCanadaPost16 = function(trk) {","    if (_checkDigit(trk, [3, 1], 10)) {","      return [true, false];","    }","    return [false, false];","  };","","  _confirmA1International = function(trk) {","    if ((trk.length === 9) || (trk.length === 13)) {","      return [true, false];","    }","    return [false, false];","  };","","  CARRIERS = [","    {","      name: 'ups',","      regex: /^1Z[0-9A-Z]{16}$/,","      confirm: _confirmUps","    }, {","      name: 'ups',","      regex: /^(H|T|J|K|F|W|M|Q|A)\\d{10}$/,","      confirm: _confirmUpsFreight","    }, {","      name: 'amazon',","      regex: /^1\\d{2}-\\d{7}-\\d{7}:\\d{13}$/","    }, {","      name: 'fedex',","      regex: /^\\d{12}$/,","      confirm: _confirmFedex12","    }, {","      name: 'fedex',","      regex: /^\\d{15}$/,","      confirm: _confirmFedex15","    }, {","      name: 'fedex',","      regex: /^\\d{20}$/,","      confirm: _confirmFedex20","    }, {","      name: 'usps',","      regex: /^\\d{20}$/,","      confirm: _confirmUsps20","    }, {","      name: 'usps',","      regex: /^02\\d{18}$/,","      confirm: _confirmFedexSmartPost","    }, {","      name: 'fedex',","      regex: /^02\\d{18}$/,","      confirm: _confirmFedexSmartPost","    }, {","      name: 'fedex',","      regex: /^DT\\d{12}$/,","      confirm: _confirmFedexDoorTag","    }, {","      name: 'fedex',","      regex: /^927489\\d{16}$/","    }, {","      name: 'fedex',","      regex: /^926129\\d{16}$/","    }, {","      name: 'upsmi',","      regex: /^927489\\d{16}$/","    }, {","      name: 'upsmi',","      regex: /^926129\\d{16}$/","    }, {","      name: 'upsmi',","      regex: /^927489\\d{20}$/","    }, {","      name: 'fedex',","      regex: /^96\\d{20}$/,","      confirm: _confirmFedex9622","    }, {","      name: 'usps',","      regex: /^927489\\d{16}$/","    }, {","      name: 'usps',","      regex: /^926129\\d{16}$/","    }, {","      name: 'fedex',","      regex: /^7489\\d{16}$/","    }, {","      name: 'fedex',","      regex: /^6129\\d{16}$/","    }, {","      name: 'usps',","      regex: /^(91|92|93|94|95|96)\\d{20}$/,","      confirm: _confirmUsps22","    }, {","      name: 'usps',","      regex: /^\\d{26}$/,","      confirm: _confirmUsps26","    }, {","      name: 'usps',","      regex: /^420\\d{27}$/,","      confirm: _confirmUsps420Zip","    }, {","      name: 'usps',","      regex: /^420\\d{31}$/,","      confirm: _confirmUsps420ZipPlus4","    }, {","      name: 'dhlgm',","      regex: /^420\\d{27}$/,","      confirm: _confirmUsps420Zip","    }, {","      name: 'dhlgm',","      regex: /^420\\d{31}$/,","      confirm: _confirmUsps420ZipPlus4","    }, {","      name: 'dhlgm',","      regex: /^94748\\d{17}$/,","      confirm: _confirmUsps22","    }, {","      name: 'dhlgm',","      regex: /^93612\\d{17}$/,","      confirm: _confirmUsps22","    }, {","      name: 'dhlgm',","      regex: /^GM\\d{16}/","    }, {","      name: 'usps',","      regex: /^[A-Z]{2}\\d{9}[A-Z]{2}$/","    }, {","      name: 'canadapost',","      regex: /^\\d{16}$/,","      confirm: _confirmCanadaPost16","    }, {","      name: 'lasership',","      regex: /^L[A-Z]\\d{8}$/","    }, {","      name: 'lasership',","      regex: /^1LS\\d{12}/","    }, {","      name: 'lasership',","      regex: /^Q\\d{8}[A-Z]/","    }, {","      name: 'ontrac',","      regex: /^(C|D)\\d{14}$/","    }, {","      name: 'prestige',","      regex: /^P[A-Z]{1}\\d{8}/","    }, {","      name: 'a1intl',","      regex: /^AZ.\\d+/,","      confirm: _confirmA1International","    }","  ];","","  module.exports = function(trk) {","    var carriers;","    carriers = [];","    trk = _preprocess(trk);","    CARRIERS.every(function(c) {","      var good, stop, _ref;","      if (trk.match(c.regex)) {","        if (c.confirm != null) {","          _ref = c.confirm(trk), good = _ref[0], stop = _ref[1];","          if (good) {","            carriers.push(c.name);","          }","          return !stop;","        }","        carriers.push(c.name);","        return true;","      }","      return true;","    });","    return uniq(carriers);","  };","","}).call(this);",""],"l":{"1":1,"2":1,"4":1,"6":1,"8":1,"9":0,"12":1,"13":0,"14":0,"15":0,"16":0,"17":0,"18":0,"20":0,"22":0,"23":0,"25":0,"27":0,"28":0,"29":0,"31":0,"34":1,"35":0,"36":0,"37":0,"38":0,"39":0,"40":0,"42":0,"43":0,"44":0,"45":0,"48":0,"49":0,"50":0,"51":0,"54":0,"57":1,"58":0,"59":0,"60":0,"61":0,"62":0,"63":0,"65":0,"68":1,"69":0,"70":0,"72":0,"75":1,"76":0,"77":0,"79":0,"82":1,"83":0,"84":0,"86":0,"89":1,"90":0,"91":0,"93":0,"96":1,"97":0,"98":0,"99":0,"101":0,"102":0,"103":0,"106":0,"109":1,"110":0,"111":0,"113":0,"116":1,"117":0,"118":0,"120":0,"121":0,"123":0,"126":1,"127":0,"128":0,"130":0,"133":1,"134":0,"135":0,"137":0,"140":1,"141":0,"142":0,"144":0,"147":1,"148":0,"149":0,"151":0,"152":0,"155":0,"158":1,"159":0,"160":0,"162":0,"165":1,"166":0,"167":0,"169":0,"172":1,"307":1,"308":0,"309":0,"310":0,"311":0,"312":0,"313":0,"314":0,"315":0,"316":0,"317":0,"319":0,"321":0,"322":0,"324":0,"326":0}},"/home/travis/build/npmtest/node-npmtest-shipit/node_modules/shipit/lib/checkdigit.js":{"path":"/home/travis/build/npmtest/node-npmtest-shipit/node_modules/shipit/lib/checkdigit.js","s":{"1":1,"2":1,"3":1,"4":0,"5":0,"6":0,"7":0,"8":0,"9":0,"10":0,"11":0,"12":0,"13":0,"14":0,"15":0,"16":0,"17":0,"18":0,"19":1},"b":{"1":[0,0],"2":[0,0],"3":[0,0],"4":[0,0],"5":[0,0],"6":[0,0],"7":[0,0]},"f":{"1":1,"2":0},"fnMap":{"1":{"name":"(anonymous_1)","line":1,"loc":{"start":{"line":1,"column":1},"end":{"line":1,"column":12}}},"2":{"name":"(anonymous_2)","line":4,"loc":{"start":{"line":4,"column":16},"end":{"line":4,"column":48}}}},"statementMap":{"1":{"start":{"line":1,"column":0},"end":{"line":29,"column":14}},"2":{"start":{"line":2,"column":2},"end":{"line":2,"column":18}},"3":{"start":{"line":4,"column":2},"end":{"line":25,"column":4}},"4":{"start":{"line":5,"column":4},"end":{"line":5,"column":47}},"5":{"start":{"line":6,"column":4},"end":{"line":6,"column":13}},"6":{"start":{"line":7,"column":4},"end":{"line":7,"column":12}},"7":{"start":{"line":8,"column":4},"end":{"line":11,"column":5}},"8":{"start":{"line":9,"column":6},"end":{"line":9,"column":58}},"9":{"start":{"line":10,"column":6},"end":{"line":10,"column":60}},"10":{"start":{"line":12,"column":4},"end":{"line":17,"column":5}},"11":{"start":{"line":13,"column":6},"end":{"line":13,"column":28}},"12":{"start":{"line":14,"column":6},"end":{"line":16,"column":7}},"13":{"start":{"line":15,"column":8},"end":{"line":15,"column":23}},"14":{"start":{"line":18,"column":4},"end":{"line":23,"column":5}},"15":{"start":{"line":19,"column":6},"end":{"line":19,"column":21}},"16":{"start":{"line":20,"column":6},"end":{"line":22,"column":7}},"17":{"start":{"line":21,"column":8},"end":{"line":21,"column":35}},"18":{"start":{"line":24,"column":4},"end":{"line":24,"column":56}},"19":{"start":{"line":27,"column":2},"end":{"line":27,"column":31}}},"branchMap":{"1":{"line":8,"type":"cond-expr","locations":[{"start":{"line":8,"column":60},"end":{"line":8,"column":70}},{"start":{"line":8,"column":73},"end":{"line":8,"column":83}}]},"2":{"line":8,"type":"cond-expr","locations":[{"start":{"line":8,"column":105},"end":{"line":8,"column":109}},{"start":{"line":8,"column":112},"end":{"line":8,"column":116}}]},"3":{"line":10,"type":"cond-expr","locations":[{"start":{"line":10,"column":47},"end":{"line":10,"column":48}},{"start":{"line":10,"column":51},"end":{"line":10,"column":59}}]},"4":{"line":12,"type":"if","locations":[{"start":{"line":12,"column":4},"end":{"line":12,"column":4}},{"start":{"line":12,"column":4},"end":{"line":12,"column":4}}]},"5":{"line":14,"type":"if","locations":[{"start":{"line":14,"column":6},"end":{"line":14,"column":6}},{"start":{"line":14,"column":6},"end":{"line":14,"column":6}}]},"6":{"line":18,"type":"if","locations":[{"start":{"line":18,"column":4},"end":{"line":18,"column":4}},{"start":{"line":18,"column":4},"end":{"line":18,"column":4}}]},"7":{"line":20,"type":"if","locations":[{"start":{"line":20,"column":6},"end":{"line":20,"column":6}},{"start":{"line":20,"column":6},"end":{"line":20,"column":6}}]}},"code":["(function() {","  var _checkDigit;","","  _checkDigit = function(trk, multipliers, mod) {","    var checkdigit, index, midx, sum, _i, _ref;","    midx = 0;","    sum = 0;","    for (index = _i = 0, _ref = trk.length - 2; 0 <= _ref ? _i <= _ref : _i >= _ref; index = 0 <= _ref ? ++_i : --_i) {","      sum += parseInt(trk[index], 10) * multipliers[midx];","      midx = midx === multipliers.length - 1 ? 0 : midx + 1;","    }","    if (mod === 11) {","      checkdigit = sum % 11;","      if (checkdigit === 10) {","        checkdigit = 0;","      }","    }","    if (mod === 10) {","      checkdigit = 0;","      if ((sum % 10) > 0) {","        checkdigit = 10 - sum % 10;","      }","    }","    return checkdigit === parseInt(trk[trk.length - 1]);","  };","","  module.exports = _checkDigit;","","}).call(this);",""],"l":{"1":1,"2":1,"4":1,"5":0,"6":0,"7":0,"8":0,"9":0,"10":0,"12":0,"13":0,"14":0,"15":0,"18":0,"19":0,"20":0,"21":0,"24":0,"27":1}}}